<?xml version="1.0" encoding="UTF-8"?>
<coverage generated="1606052631018" clover="3.2.0">
  <project timestamp="1606052631018" name="All files">
    <metrics statements="378" coveredstatements="376" conditionals="235" coveredconditionals="227" methods="68" coveredmethods="68" elements="681" coveredelements="671" complexity="0" loc="378" ncloc="378" packages="6" files="21" classes="21"/>
    <package name="configuration">
      <metrics statements="25" coveredstatements="25" conditionals="14" coveredconditionals="14" methods="10" coveredmethods="10"/>
      <file name="index.js" path="/media/rodri/aux/documents/pis/pis2020git/pis2020/sdk/configuration/index.js">
        <metrics statements="25" coveredstatements="25" conditionals="14" coveredconditionals="14" methods="10" coveredmethods="10"/>
        <line num="5" count="14" type="stmt"/>
        <line num="20" count="671" type="stmt"/>
        <line num="22" count="14" type="stmt"/>
        <line num="23" count="256" type="stmt"/>
        <line num="27" count="256" type="stmt"/>
        <line num="28" count="880" type="cond" truecount="2" falsecount="0"/>
        <line num="29" count="837" type="stmt"/>
        <line num="30" count="837" type="stmt"/>
        <line num="32" count="62" type="cond" truecount="2" falsecount="0"/>
        <line num="38" count="256" type="cond" truecount="2" falsecount="0"/>
        <line num="42" count="200" type="stmt"/>
        <line num="43" count="589" type="stmt"/>
        <line num="47" count="200" type="stmt"/>
        <line num="50" count="14" type="stmt"/>
        <line num="51" count="2" type="stmt"/>
        <line num="52" count="24" type="cond" truecount="2" falsecount="0"/>
        <line num="58" count="16" type="stmt"/>
        <line num="62" count="14" type="stmt"/>
        <line num="63" count="177" type="stmt"/>
        <line num="64" count="2124" type="cond" truecount="2" falsecount="0"/>
        <line num="66" count="177" type="stmt"/>
        <line num="69" count="14" type="stmt"/>
        <line num="70" count="78" type="stmt"/>
        <line num="73" count="14" type="stmt"/>
        <line num="74" count="28" type="stmt"/>
      </file>
    </package>
    <package name="interfaces">
      <metrics statements="12" coveredstatements="12" conditionals="8" coveredconditionals="8" methods="7" coveredmethods="7"/>
      <file name="index.js" path="/media/rodri/aux/documents/pis/pis2020git/pis2020/sdk/interfaces/index.js">
        <metrics statements="12" coveredstatements="12" conditionals="8" coveredconditionals="8" methods="7" coveredmethods="7"/>
        <line num="12" count="8" type="stmt"/>
        <line num="13" count="39" type="cond" truecount="2" falsecount="0"/>
        <line num="21" count="28" type="cond" truecount="2" falsecount="0"/>
        <line num="22" count="28" type="stmt"/>
        <line num="30" count="20" type="stmt"/>
        <line num="37" count="11" type="stmt"/>
        <line num="40" count="21" type="stmt"/>
        <line num="42" count="8" type="stmt"/>
        <line num="44" count="20" type="stmt"/>
        <line num="46" count="21" type="stmt"/>
        <line num="48" count="10" type="stmt"/>
        <line num="50" count="8" type="stmt"/>
      </file>
    </package>
    <package name="requests">
      <metrics statements="118" coveredstatements="118" conditionals="72" coveredconditionals="72" methods="8" coveredmethods="8"/>
      <file name="getTokenOrRefresh.js" path="/media/rodri/aux/documents/pis/pis2020git/pis2020/sdk/requests/getTokenOrRefresh.js">
        <metrics statements="29" coveredstatements="29" conditionals="25" coveredconditionals="25" methods="1" coveredmethods="1"/>
        <line num="10" count="14" type="stmt"/>
        <line num="11" count="82" type="stmt"/>
        <line num="13" count="82" type="cond" truecount="2" falsecount="0"/>
        <line num="18" count="32" type="stmt"/>
        <line num="24" count="32" type="stmt"/>
        <line num="25" count="32" type="stmt"/>
        <line num="29" count="50" type="cond" truecount="4" falsecount="0"/>
        <line num="31" count="2" type="stmt"/>
        <line num="32" count="2" type="stmt"/>
        <line num="36" count="48" type="cond" truecount="4" falsecount="0"/>
        <line num="37" count="4" type="stmt"/>
        <line num="42" count="44" type="stmt"/>
        <line num="47" count="44" type="stmt"/>
        <line num="50" count="44" type="cond" truecount="2" falsecount="0"/>
        <line num="51" count="22" type="stmt"/>
        <line num="54" count="44" type="stmt"/>
        <line num="56" count="44" type="stmt"/>
        <line num="59" count="44" type="stmt"/>
        <line num="77" count="32" type="stmt"/>
        <line num="78" count="32" type="stmt"/>
        <line num="82" count="32" type="cond" truecount="2" falsecount="0"/>
        <line num="83" count="4" type="stmt"/>
        <line num="88" count="28" type="stmt"/>
        <line num="96" count="8" type="stmt"/>
        <line num="110" count="32" type="cond" truecount="4" falsecount="0"/>
        <line num="111" count="4" type="stmt"/>
        <line num="112" count="28" type="cond" truecount="4" falsecount="0"/>
        <line num="113" count="4" type="stmt"/>
        <line num="114" count="24" type="stmt"/>
      </file>
      <file name="getUserInfo.js" path="/media/rodri/aux/documents/pis/pis2020git/pis2020/sdk/requests/getUserInfo.js">
        <metrics statements="22" coveredstatements="22" conditionals="12" coveredconditionals="12" methods="1" coveredmethods="1"/>
        <line num="8" count="14" type="stmt"/>
        <line num="9" count="20" type="stmt"/>
        <line num="12" count="20" type="cond" truecount="2" falsecount="0"/>
        <line num="13" count="2" type="stmt"/>
        <line num="17" count="18" type="cond" truecount="2" falsecount="0"/>
        <line num="18" count="2" type="stmt"/>
        <line num="20" count="16" type="stmt"/>
        <line num="21" count="16" type="stmt"/>
        <line num="37" count="10" type="stmt"/>
        <line num="38" count="10" type="stmt"/>
        <line num="41" count="10" type="cond" truecount="2" falsecount="0"/>
        <line num="42" count="2" type="stmt"/>
        <line num="48" count="8" type="cond" truecount="2" falsecount="0"/>
        <line num="49" count="6" type="stmt"/>
        <line num="50" count="6" type="stmt"/>
        <line num="51" count="6" type="stmt"/>
        <line num="52" count="6" type="stmt"/>
        <line num="54" count="2" type="stmt"/>
        <line num="56" count="6" type="stmt"/>
        <line num="57" count="6" type="cond" truecount="4" falsecount="0"/>
        <line num="58" count="2" type="stmt"/>
        <line num="59" count="4" type="stmt"/>
      </file>
      <file name="index.js" path="/media/rodri/aux/documents/pis/pis2020git/pis2020/sdk/requests/index.js">
        <metrics statements="8" coveredstatements="8" conditionals="7" coveredconditionals="7" methods="1" coveredmethods="1"/>
        <line num="8" count="14" type="stmt"/>
        <line num="9" count="173" type="cond" truecount="7" falsecount="0"/>
        <line num="11" count="42" type="stmt"/>
        <line num="15" count="82" type="stmt"/>
        <line num="18" count="12" type="stmt"/>
        <line num="21" count="20" type="stmt"/>
        <line num="24" count="16" type="stmt"/>
        <line num="27" count="1" type="stmt"/>
      </file>
      <file name="login.js" path="/media/rodri/aux/documents/pis/pis2020git/pis2020/sdk/requests/login.js">
        <metrics statements="30" coveredstatements="30" conditionals="18" coveredconditionals="18" methods="3" coveredmethods="3"/>
        <line num="8" count="14" type="stmt"/>
        <line num="11" count="42" type="stmt"/>
        <line num="12" count="42" type="stmt"/>
        <line num="18" count="42" type="stmt"/>
        <line num="19" count="42" type="stmt"/>
        <line num="20" count="42" type="stmt"/>
        <line num="24" count="42" type="stmt"/>
        <line num="27" count="18" type="stmt"/>
        <line num="28" count="18" type="stmt"/>
        <line num="33" count="18" type="cond" truecount="5" falsecount="0"/>
        <line num="34" count="10" type="stmt"/>
        <line num="36" count="8" type="stmt"/>
        <line num="43" count="8" type="cond" truecount="4" falsecount="0"/>
        <line num="45" count="2" type="stmt"/>
        <line num="46" count="6" type="cond" truecount="4" falsecount="0"/>
        <line num="47" count="2" type="stmt"/>
        <line num="49" count="4" type="stmt"/>
        <line num="53" count="16" type="stmt"/>
        <line num="56" count="42" type="stmt"/>
        <line num="58" count="42" type="stmt"/>
        <line num="61" count="40" type="cond" truecount="2" falsecount="0"/>
        <line num="66" count="18" type="stmt"/>
        <line num="70" count="22" type="stmt"/>
        <line num="71" count="22" type="stmt"/>
        <line num="76" count="22" type="stmt"/>
        <line num="77" count="22" type="stmt"/>
        <line num="82" count="4" type="stmt"/>
        <line num="83" count="4" type="stmt"/>
        <line num="84" count="4" type="stmt"/>
        <line num="86" count="42" type="stmt"/>
      </file>
      <file name="logout.js" path="/media/rodri/aux/documents/pis/pis2020git/pis2020/sdk/requests/logout.js">
        <metrics statements="18" coveredstatements="18" conditionals="6" coveredconditionals="6" methods="1" coveredmethods="1"/>
        <line num="8" count="14" type="stmt"/>
        <line num="11" count="12" type="stmt"/>
        <line num="12" count="12" type="stmt"/>
        <line num="13" count="12" type="stmt"/>
        <line num="18" count="12" type="cond" truecount="2" falsecount="0"/>
        <line num="19" count="2" type="stmt"/>
        <line num="20" count="2" type="stmt"/>
        <line num="24" count="10" type="stmt"/>
        <line num="31" count="8" type="stmt"/>
        <line num="32" count="8" type="stmt"/>
        <line num="36" count="8" type="cond" truecount="2" falsecount="0"/>
        <line num="37" count="6" type="cond" truecount="2" falsecount="0"/>
        <line num="38" count="2" type="stmt"/>
        <line num="39" count="2" type="stmt"/>
        <line num="40" count="2" type="stmt"/>
        <line num="49" count="4" type="stmt"/>
        <line num="52" count="2" type="stmt"/>
        <line num="56" count="2" type="stmt"/>
      </file>
      <file name="validateToken.js" path="/media/rodri/aux/documents/pis/pis2020git/pis2020/sdk/requests/validateToken.js">
        <metrics statements="11" coveredstatements="11" conditionals="4" coveredconditionals="4" methods="1" coveredmethods="1"/>
        <line num="8" count="14" type="stmt"/>
        <line num="9" count="16" type="stmt"/>
        <line num="15" count="16" type="cond" truecount="2" falsecount="0"/>
        <line num="16" count="2" type="stmt"/>
        <line num="18" count="14" type="cond" truecount="2" falsecount="0"/>
        <line num="19" count="2" type="stmt"/>
        <line num="22" count="12" type="stmt"/>
        <line num="27" count="12" type="stmt"/>
        <line num="38" count="10" type="stmt"/>
        <line num="40" count="10" type="stmt"/>
        <line num="42" count="2" type="stmt"/>
      </file>
    </package>
    <package name="security">
      <metrics statements="22" coveredstatements="22" conditionals="9" coveredconditionals="9" methods="4" coveredmethods="4"/>
      <file name="validateResponse.js" path="/media/rodri/aux/documents/pis/pis2020git/pis2020/sdk/security/validateResponse.js">
        <metrics statements="10" coveredstatements="10" conditionals="0" coveredconditionals="0" methods="2" coveredmethods="2"/>
        <line num="8" count="14" type="stmt"/>
        <line num="9" count="54" type="stmt"/>
        <line num="12" count="54" type="stmt"/>
        <line num="14" count="54" type="stmt"/>
        <line num="15" count="54" type="stmt"/>
        <line num="17" count="54" type="stmt"/>
        <line num="23" count="14" type="stmt"/>
        <line num="24" count="8" type="stmt"/>
        <line num="25" count="8" type="stmt"/>
        <line num="28" count="8" type="stmt"/>
      </file>
      <file name="validateTokenSecurity.js" path="/media/rodri/aux/documents/pis/pis2020git/pis2020/sdk/security/validateTokenSecurity.js">
        <metrics statements="12" coveredstatements="12" conditionals="9" coveredconditionals="9" methods="2" coveredmethods="2"/>
        <line num="8" count="14" type="stmt"/>
        <line num="10" count="10" type="stmt"/>
        <line num="20" count="10" type="stmt"/>
        <line num="28" count="10" type="stmt"/>
        <line num="33" count="10" type="stmt"/>
        <line num="38" count="10" type="cond" truecount="2" falsecount="0"/>
        <line num="43" count="10" type="cond" truecount="2" falsecount="0"/>
        <line num="48" count="10" type="stmt"/>
        <line num="51" count="4" type="stmt"/>
        <line num="53" count="10" type="cond" truecount="2" falsecount="0"/>
        <line num="54" count="2" type="stmt"/>
        <line num="61" count="8" type="stmt"/>
      </file>
    </package>
    <package name="security.validateParameters">
      <metrics statements="48" coveredstatements="48" conditionals="59" coveredconditionals="59" methods="6" coveredmethods="6"/>
      <file name="BOOLEAN.js" path="/media/rodri/aux/documents/pis/pis2020git/pis2020/sdk/security/validateParameters/BOOLEAN.js">
        <metrics statements="5" coveredstatements="5" conditionals="4" coveredconditionals="4" methods="1" coveredmethods="1"/>
        <line num="4" count="14" type="stmt"/>
        <line num="6" count="44" type="stmt"/>
        <line num="7" count="44" type="cond" truecount="4" falsecount="0"/>
        <line num="8" count="6" type="stmt"/>
        <line num="10" count="38" type="stmt"/>
      </file>
      <file name="DIGIT.js" path="/media/rodri/aux/documents/pis/pis2020git/pis2020/sdk/security/validateParameters/DIGIT.js">
        <metrics statements="5" coveredstatements="5" conditionals="8" coveredconditionals="8" methods="1" coveredmethods="1"/>
        <line num="4" count="14" type="stmt"/>
        <line num="8" count="28" type="cond" truecount="4" falsecount="0"/>
        <line num="12" count="28" type="cond" truecount="4" falsecount="0"/>
        <line num="13" count="4" type="stmt"/>
        <line num="15" count="24" type="stmt"/>
      </file>
      <file name="NQCHAR.js" path="/media/rodri/aux/documents/pis/pis2020git/pis2020/sdk/security/validateParameters/NQCHAR.js">
        <metrics statements="7" coveredstatements="7" conditionals="9" coveredconditionals="9" methods="1" coveredmethods="1"/>
        <line num="4" count="14" type="stmt"/>
        <line num="7" count="9" type="stmt"/>
        <line num="9" count="9" type="cond" truecount="2" falsecount="0"/>
        <line num="13" count="9" type="stmt"/>
        <line num="19" count="9" type="cond" truecount="4" falsecount="0"/>
        <line num="20" count="2" type="stmt"/>
        <line num="22" count="7" type="stmt"/>
      </file>
      <file name="URIReference.js" path="/media/rodri/aux/documents/pis/pis2020git/pis2020/sdk/security/validateParameters/URIReference.js">
        <metrics statements="9" coveredstatements="9" conditionals="9" coveredconditionals="9" methods="1" coveredmethods="1"/>
        <line num="5" count="14" type="stmt"/>
        <line num="8" count="162" type="stmt"/>
        <line num="10" count="162" type="cond" truecount="2" falsecount="0"/>
        <line num="15" count="162" type="stmt"/>
        <line num="21" count="162" type="cond" truecount="2" falsecount="0"/>
        <line num="22" count="12" type="cond" truecount="2" falsecount="0"/>
        <line num="24" count="8" type="stmt"/>
        <line num="27" count="4" type="stmt"/>
        <line num="31" count="150" type="stmt"/>
      </file>
      <file name="VSCHAR.js" path="/media/rodri/aux/documents/pis/pis2020git/pis2020/sdk/security/validateParameters/VSCHAR.js">
        <metrics statements="13" coveredstatements="13" conditionals="14" coveredconditionals="14" methods="1" coveredmethods="1"/>
        <line num="5" count="14" type="stmt"/>
        <line num="8" count="590" type="stmt"/>
        <line num="10" count="590" type="cond" truecount="2" falsecount="0"/>
        <line num="14" count="590" type="stmt"/>
        <line num="20" count="590" type="cond" truecount="2" falsecount="0"/>
        <line num="21" count="36" type="cond" truecount="7" falsecount="0"/>
        <line num="23" count="8" type="stmt"/>
        <line num="26" count="8" type="stmt"/>
        <line num="29" count="4" type="stmt"/>
        <line num="33" count="10" type="stmt"/>
        <line num="36" count="2" type="stmt"/>
        <line num="39" count="4" type="stmt"/>
        <line num="43" count="554" type="stmt"/>
      </file>
      <file name="index.js" path="/media/rodri/aux/documents/pis/pis2020git/pis2020/sdk/security/validateParameters/index.js">
        <metrics statements="9" coveredstatements="9" conditionals="15" coveredconditionals="15" methods="1" coveredmethods="1"/>
        <line num="9" count="14" type="stmt"/>
        <line num="10" count="837" type="cond" truecount="13" falsecount="0"/>
        <line num="19" count="590" type="stmt"/>
        <line num="25" count="162" type="stmt"/>
        <line num="30" count="11" type="cond" truecount="2" falsecount="0"/>
        <line num="31" count="2" type="stmt"/>
        <line num="36" count="28" type="stmt"/>
        <line num="41" count="44" type="stmt"/>
        <line num="45" count="2" type="stmt"/>
      </file>
    </package>
    <package name="utils">
      <metrics statements="153" coveredstatements="151" conditionals="73" coveredconditionals="65" methods="33" coveredmethods="33"/>
      <file name="constants.js" path="/media/rodri/aux/documents/pis/pis2020git/pis2020/sdk/utils/constants.js">
        <metrics statements="4" coveredstatements="4" conditionals="0" coveredconditionals="0" methods="0" coveredmethods="0"/>
        <line num="1" count="14" type="stmt"/>
        <line num="10" count="14" type="stmt"/>
        <line num="26" count="14" type="stmt"/>
        <line num="34" count="14" type="stmt"/>
      </file>
      <file name="encoding.js" path="/media/rodri/aux/documents/pis/pis2020git/pis2020/sdk/utils/encoding.js">
        <metrics statements="17" coveredstatements="15" conditionals="6" coveredconditionals="3" methods="2" coveredmethods="2"/>
        <line num="4" count="14" type="stmt"/>
        <line num="6" count="10" type="stmt"/>
        <line num="9" count="10" type="stmt"/>
        <line num="10" count="10" type="cond" truecount="1" falsecount="1"/>
        <line num="11" count="10" type="cond" truecount="1" falsecount="1"/>
        <line num="12" count="0" type="stmt"/>
        <line num="14" count="10" type="stmt"/>
        <line num="17" count="10" type="stmt"/>
        <line num="20" count="14" type="stmt"/>
        <line num="21" count="20" type="stmt"/>
        <line num="22" count="20" type="stmt"/>
        <line num="23" count="20" type="stmt"/>
        <line num="24" count="20" type="stmt"/>
        <line num="25" count="80" type="stmt"/>
        <line num="26" count="80" type="cond" truecount="1" falsecount="1"/>
        <line num="28" count="20" type="stmt"/>
        <line num="30" count="0" type="stmt"/>
      </file>
      <file name="endpoints.js" path="/media/rodri/aux/documents/pis/pis2020git/pis2020/sdk/utils/endpoints.js">
        <metrics statements="26" coveredstatements="26" conditionals="12" coveredconditionals="8" methods="6" coveredmethods="6"/>
        <line num="3" count="14" type="stmt"/>
        <line num="4" count="14" type="stmt"/>
        <line num="6" count="14" type="stmt"/>
        <line num="7" count="44" type="stmt"/>
        <line num="8" count="44" type="cond" truecount="2" falsecount="0"/>
        <line num="9" count="44" type="stmt"/>
        <line num="12" count="14" type="stmt"/>
        <line num="13" count="18" type="stmt"/>
        <line num="14" count="18" type="cond" truecount="2" falsecount="0"/>
        <line num="15" count="18" type="stmt"/>
        <line num="18" count="14" type="stmt"/>
        <line num="19" count="16" type="stmt"/>
        <line num="20" count="16" type="cond" truecount="1" falsecount="1"/>
        <line num="21" count="16" type="stmt"/>
        <line num="24" count="14" type="stmt"/>
        <line num="25" count="16" type="stmt"/>
        <line num="26" count="16" type="cond" truecount="1" falsecount="1"/>
        <line num="27" count="16" type="stmt"/>
        <line num="30" count="14" type="stmt"/>
        <line num="31" count="12" type="stmt"/>
        <line num="32" count="12" type="cond" truecount="1" falsecount="1"/>
        <line num="33" count="12" type="stmt"/>
        <line num="36" count="14" type="stmt"/>
        <line num="37" count="10" type="stmt"/>
        <line num="38" count="10" type="cond" truecount="1" falsecount="1"/>
        <line num="39" count="10" type="stmt"/>
      </file>
      <file name="errors.js" path="/media/rodri/aux/documents/pis/pis2020git/pis2020/sdk/utils/errors.js">
        <metrics statements="91" coveredstatements="91" conditionals="44" coveredconditionals="44" methods="22" coveredmethods="22"/>
        <line num="2" count="14" type="stmt"/>
        <line num="27" count="14" type="stmt"/>
        <line num="63" count="14" type="stmt"/>
        <line num="65" count="14" type="stmt"/>
        <line num="66" count="14" type="stmt"/>
        <line num="67" count="14" type="stmt"/>
        <line num="77" count="14" type="stmt"/>
        <line num="78" count="14" type="stmt"/>
        <line num="79" count="14" type="stmt"/>
        <line num="80" count="14" type="stmt"/>
        <line num="90" count="14" type="stmt"/>
        <line num="91" count="14" type="stmt"/>
        <line num="92" count="14" type="stmt"/>
        <line num="93" count="14" type="stmt"/>
        <line num="103" count="14" type="stmt"/>
        <line num="104" count="14" type="stmt"/>
        <line num="105" count="14" type="stmt"/>
        <line num="106" count="14" type="stmt"/>
        <line num="116" count="14" type="stmt"/>
        <line num="117" count="14" type="stmt"/>
        <line num="118" count="14" type="stmt"/>
        <line num="119" count="14" type="stmt"/>
        <line num="129" count="14" type="stmt"/>
        <line num="130" count="14" type="stmt"/>
        <line num="131" count="14" type="stmt"/>
        <line num="132" count="14" type="stmt"/>
        <line num="142" count="14" type="stmt"/>
        <line num="143" count="14" type="stmt"/>
        <line num="144" count="14" type="stmt"/>
        <line num="145" count="14" type="stmt"/>
        <line num="155" count="14" type="stmt"/>
        <line num="156" count="14" type="stmt"/>
        <line num="157" count="14" type="stmt"/>
        <line num="158" count="14" type="stmt"/>
        <line num="168" count="14" type="stmt"/>
        <line num="169" count="14" type="stmt"/>
        <line num="170" count="14" type="stmt"/>
        <line num="171" count="14" type="stmt"/>
        <line num="181" count="14" type="stmt"/>
        <line num="182" count="14" type="stmt"/>
        <line num="183" count="14" type="stmt"/>
        <line num="184" count="14" type="stmt"/>
        <line num="194" count="14" type="stmt"/>
        <line num="195" count="14" type="stmt"/>
        <line num="196" count="14" type="stmt"/>
        <line num="197" count="14" type="stmt"/>
        <line num="207" count="14" type="stmt"/>
        <line num="208" count="14" type="stmt"/>
        <line num="209" count="14" type="stmt"/>
        <line num="210" count="14" type="stmt"/>
        <line num="220" count="14" type="stmt"/>
        <line num="221" count="14" type="stmt"/>
        <line num="222" count="14" type="stmt"/>
        <line num="223" count="14" type="stmt"/>
        <line num="233" count="14" type="stmt"/>
        <line num="234" count="14" type="stmt"/>
        <line num="235" count="14" type="stmt"/>
        <line num="236" count="14" type="stmt"/>
        <line num="246" count="14" type="stmt"/>
        <line num="247" count="14" type="stmt"/>
        <line num="248" count="14" type="stmt"/>
        <line num="249" count="14" type="stmt"/>
        <line num="259" count="14" type="stmt"/>
        <line num="260" count="14" type="stmt"/>
        <line num="261" count="14" type="stmt"/>
        <line num="262" count="14" type="stmt"/>
        <line num="272" count="14" type="stmt"/>
        <line num="273" count="14" type="stmt"/>
        <line num="274" count="14" type="stmt"/>
        <line num="275" count="14" type="stmt"/>
        <line num="285" count="14" type="stmt"/>
        <line num="286" count="14" type="stmt"/>
        <line num="287" count="14" type="stmt"/>
        <line num="288" count="14" type="stmt"/>
        <line num="298" count="14" type="stmt"/>
        <line num="299" count="14" type="stmt"/>
        <line num="300" count="14" type="stmt"/>
        <line num="301" count="14" type="stmt"/>
        <line num="311" count="14" type="stmt"/>
        <line num="312" count="14" type="stmt"/>
        <line num="313" count="14" type="stmt"/>
        <line num="314" count="14" type="stmt"/>
        <line num="324" count="14" type="stmt"/>
        <line num="325" count="14" type="stmt"/>
        <line num="326" count="14" type="stmt"/>
        <line num="327" count="14" type="stmt"/>
        <line num="337" count="14" type="stmt"/>
        <line num="338" count="14" type="stmt"/>
        <line num="339" count="14" type="stmt"/>
        <line num="340" count="14" type="stmt"/>
        <line num="344" count="14" type="stmt"/>
      </file>
      <file name="helpers.js" path="/media/rodri/aux/documents/pis/pis2020git/pis2020/sdk/utils/helpers.js">
        <metrics statements="15" coveredstatements="15" conditionals="11" coveredconditionals="10" methods="3" coveredmethods="3"/>
        <line num="4" count="14" type="stmt"/>
        <line num="6" count="65" type="cond" truecount="2" falsecount="0"/>
        <line num="8" count="49" type="stmt"/>
        <line num="9" count="16" type="cond" truecount="2" falsecount="0"/>
        <line num="11" count="7" type="stmt"/>
        <line num="12" count="9" type="cond" truecount="2" falsecount="0"/>
        <line num="14" count="7" type="stmt"/>
        <line num="15" count="2" type="cond" truecount="1" falsecount="1"/>
        <line num="17" count="2" type="stmt"/>
        <line num="19" count="65" type="stmt"/>
        <line num="22" count="14" type="cond" truecount="1" falsecount="0"/>
        <line num="23" count="162" type="stmt"/>
        <line num="24" count="162" type="stmt"/>
        <line num="25" count="102" type="cond" truecount="2" falsecount="0"/>
        <line num="26" count="80" type="stmt"/>
      </file>
    </package>
  </project>
</coverage>
