{"/media/rodri/aux/documents/pis/pis2020git/pis2020/sdk/configuration/index.js": {"path":"/media/rodri/aux/documents/pis/pis2020git/pis2020/sdk/configuration/index.js","statementMap":{"0":{"start":{"line":5,"column":19},"end":{"line":18,"column":1}},"1":{"start":{"line":20,"column":22},"end":{"line":20,"column":38}},"2":{"start":{"line":20,"column":28},"end":{"line":20,"column":38}},"3":{"start":{"line":22,"column":22},"end":{"line":48,"column":1}},"4":{"start":{"line":23,"column":26},"end":{"line":23,"column":28}},"5":{"start":{"line":27,"column":2},"end":{"line":35,"column":5}},"6":{"start":{"line":28,"column":4},"end":{"line":34,"column":5}},"7":{"start":{"line":29,"column":6},"end":{"line":33,"column":7}},"8":{"start":{"line":30,"column":8},"end":{"line":30,"column":80}},"9":{"start":{"line":32,"column":8},"end":{"line":32,"column":32}},"10":{"start":{"line":32,"column":20},"end":{"line":32,"column":32}},"11":{"start":{"line":38,"column":2},"end":{"line":38,"column":25}},"12":{"start":{"line":38,"column":13},"end":{"line":38,"column":25}},"13":{"start":{"line":42,"column":2},"end":{"line":44,"column":5}},"14":{"start":{"line":43,"column":4},"end":{"line":43,"column":43}},"15":{"start":{"line":47,"column":2},"end":{"line":47,"column":25}},"16":{"start":{"line":50,"column":24},"end":{"line":60,"column":1}},"17":{"start":{"line":51,"column":2},"end":{"line":59,"column":5}},"18":{"start":{"line":52,"column":4},"end":{"line":58,"column":27}},"19":{"start":{"line":58,"column":6},"end":{"line":58,"column":27}},"20":{"start":{"line":62,"column":24},"end":{"line":67,"column":1}},"21":{"start":{"line":63,"column":2},"end":{"line":65,"column":5}},"22":{"start":{"line":64,"column":4},"end":{"line":64,"column":51}},"23":{"start":{"line":64,"column":30},"end":{"line":64,"column":51}},"24":{"start":{"line":66,"column":2},"end":{"line":66,"column":32}},"25":{"start":{"line":69,"column":18},"end":{"line":71,"column":1}},"26":{"start":{"line":70,"column":2},"end":{"line":70,"column":23}},"27":{"start":{"line":73,"column":19},"end":{"line":75,"column":1}},"28":{"start":{"line":74,"column":2},"end":{"line":74,"column":24}}},"fnMap":{"0":{"name":"(anonymous_0)","decl":{"start":{"line":20,"column":22},"end":{"line":20,"column":23}},"loc":{"start":{"line":20,"column":28},"end":{"line":20,"column":38}},"line":20},"1":{"name":"(anonymous_1)","decl":{"start":{"line":22,"column":22},"end":{"line":22,"column":23}},"loc":{"start":{"line":22,"column":32},"end":{"line":48,"column":1}},"line":22},"2":{"name":"(anonymous_2)","decl":{"start":{"line":27,"column":30},"end":{"line":27,"column":31}},"loc":{"start":{"line":27,"column":37},"end":{"line":35,"column":3}},"line":27},"3":{"name":"(anonymous_3)","decl":{"start":{"line":42,"column":39},"end":{"line":42,"column":40}},"loc":{"start":{"line":42,"column":46},"end":{"line":44,"column":3}},"line":42},"4":{"name":"(anonymous_4)","decl":{"start":{"line":50,"column":24},"end":{"line":50,"column":25}},"loc":{"start":{"line":50,"column":30},"end":{"line":60,"column":1}},"line":50},"5":{"name":"(anonymous_5)","decl":{"start":{"line":51,"column":34},"end":{"line":51,"column":35}},"loc":{"start":{"line":51,"column":41},"end":{"line":59,"column":3}},"line":51},"6":{"name":"(anonymous_6)","decl":{"start":{"line":62,"column":24},"end":{"line":62,"column":25}},"loc":{"start":{"line":62,"column":30},"end":{"line":67,"column":1}},"line":62},"7":{"name":"(anonymous_7)","decl":{"start":{"line":63,"column":34},"end":{"line":63,"column":35}},"loc":{"start":{"line":63,"column":41},"end":{"line":65,"column":3}},"line":63},"8":{"name":"(anonymous_8)","decl":{"start":{"line":69,"column":18},"end":{"line":69,"column":19}},"loc":{"start":{"line":69,"column":24},"end":{"line":71,"column":1}},"line":69},"9":{"name":"(anonymous_9)","decl":{"start":{"line":73,"column":19},"end":{"line":73,"column":20}},"loc":{"start":{"line":73,"column":25},"end":{"line":75,"column":1}},"line":73}},"branchMap":{"0":{"loc":{"start":{"line":28,"column":4},"end":{"line":34,"column":5}},"type":"if","locations":[{"start":{"line":28,"column":4},"end":{"line":34,"column":5}},{"start":{"line":28,"column":4},"end":{"line":34,"column":5}}],"line":28},"1":{"loc":{"start":{"line":32,"column":8},"end":{"line":32,"column":32}},"type":"if","locations":[{"start":{"line":32,"column":8},"end":{"line":32,"column":32}},{"start":{"line":32,"column":8},"end":{"line":32,"column":32}}],"line":32},"2":{"loc":{"start":{"line":38,"column":2},"end":{"line":38,"column":25}},"type":"if","locations":[{"start":{"line":38,"column":2},"end":{"line":38,"column":25}},{"start":{"line":38,"column":2},"end":{"line":38,"column":25}}],"line":38},"3":{"loc":{"start":{"line":52,"column":4},"end":{"line":58,"column":27}},"type":"if","locations":[{"start":{"line":52,"column":4},"end":{"line":58,"column":27}},{"start":{"line":52,"column":4},"end":{"line":58,"column":27}}],"line":52},"4":{"loc":{"start":{"line":53,"column":6},"end":{"line":56,"column":26}},"type":"binary-expr","locations":[{"start":{"line":53,"column":6},"end":{"line":53,"column":27}},{"start":{"line":54,"column":6},"end":{"line":54,"column":24}},{"start":{"line":55,"column":6},"end":{"line":55,"column":28}},{"start":{"line":56,"column":6},"end":{"line":56,"column":26}}],"line":53},"5":{"loc":{"start":{"line":64,"column":4},"end":{"line":64,"column":51}},"type":"if","locations":[{"start":{"line":64,"column":4},"end":{"line":64,"column":51}},{"start":{"line":64,"column":4},"end":{"line":64,"column":51}}],"line":64}},"s":{"0":14,"1":14,"2":671,"3":14,"4":256,"5":256,"6":880,"7":837,"8":837,"9":62,"10":56,"11":256,"12":56,"13":200,"14":589,"15":200,"16":14,"17":2,"18":24,"19":16,"20":14,"21":177,"22":2124,"23":1947,"24":177,"25":14,"26":78,"27":14,"28":28},"f":{"0":671,"1":256,"2":880,"3":589,"4":2,"5":24,"6":177,"7":2124,"8":78,"9":28},"b":{"0":[837,43],"1":[56,6],"2":[56,200],"3":[16,8],"4":[24,22,20,18],"5":[1947,177]},"_coverageSchema":"1a1c01bbd47fc00a2c39e90264f33305004495a9","hash":"5f5a4448f59ab07c2ee4decfe0f5dd50fbd97a7d"}
,"/media/rodri/aux/documents/pis/pis2020git/pis2020/sdk/interfaces/index.js": {"path":"/media/rodri/aux/documents/pis/pis2020git/pis2020/sdk/interfaces/index.js","statementMap":{"0":{"start":{"line":12,"column":19},"end":{"line":38,"column":1}},"1":{"start":{"line":13,"column":2},"end":{"line":35,"column":3}},"2":{"start":{"line":21,"column":23},"end":{"line":21,"column":34}},"3":{"start":{"line":22,"column":4},"end":{"line":28,"column":7}},"4":{"start":{"line":30,"column":4},"end":{"line":34,"column":6}},"5":{"start":{"line":37,"column":2},"end":{"line":37,"column":74}},"6":{"start":{"line":40,"column":14},"end":{"line":40,"column":52}},"7":{"start":{"line":40,"column":20},"end":{"line":40,"column":52}},"8":{"start":{"line":42,"column":15},"end":{"line":42,"column":54}},"9":{"start":{"line":42,"column":21},"end":{"line":42,"column":54}},"10":{"start":{"line":44,"column":17},"end":{"line":44,"column":59}},"11":{"start":{"line":44,"column":23},"end":{"line":44,"column":59}},"12":{"start":{"line":46,"column":21},"end":{"line":46,"column":71}},"13":{"start":{"line":46,"column":27},"end":{"line":46,"column":71}},"14":{"start":{"line":48,"column":20},"end":{"line":48,"column":66}},"15":{"start":{"line":48,"column":26},"end":{"line":48,"column":66}},"16":{"start":{"line":50,"column":22},"end":{"line":50,"column":69}},"17":{"start":{"line":50,"column":28},"end":{"line":50,"column":69}}},"fnMap":{"0":{"name":"(anonymous_0)","decl":{"start":{"line":12,"column":19},"end":{"line":12,"column":20}},"loc":{"start":{"line":12,"column":79},"end":{"line":38,"column":1}},"line":12},"1":{"name":"(anonymous_1)","decl":{"start":{"line":40,"column":14},"end":{"line":40,"column":15}},"loc":{"start":{"line":40,"column":20},"end":{"line":40,"column":52}},"line":40},"2":{"name":"(anonymous_2)","decl":{"start":{"line":42,"column":15},"end":{"line":42,"column":16}},"loc":{"start":{"line":42,"column":21},"end":{"line":42,"column":54}},"line":42},"3":{"name":"(anonymous_3)","decl":{"start":{"line":44,"column":17},"end":{"line":44,"column":18}},"loc":{"start":{"line":44,"column":23},"end":{"line":44,"column":59}},"line":44},"4":{"name":"(anonymous_4)","decl":{"start":{"line":46,"column":21},"end":{"line":46,"column":22}},"loc":{"start":{"line":46,"column":27},"end":{"line":46,"column":71}},"line":46},"5":{"name":"(anonymous_5)","decl":{"start":{"line":48,"column":20},"end":{"line":48,"column":21}},"loc":{"start":{"line":48,"column":26},"end":{"line":48,"column":66}},"line":48},"6":{"name":"(anonymous_6)","decl":{"start":{"line":50,"column":22},"end":{"line":50,"column":23}},"loc":{"start":{"line":50,"column":28},"end":{"line":50,"column":69}},"line":50}},"branchMap":{"0":{"loc":{"start":{"line":13,"column":2},"end":{"line":35,"column":3}},"type":"if","locations":[{"start":{"line":13,"column":2},"end":{"line":35,"column":3}},{"start":{"line":13,"column":2},"end":{"line":35,"column":3}}],"line":13},"1":{"loc":{"start":{"line":14,"column":4},"end":{"line":17,"column":35}},"type":"binary-expr","locations":[{"start":{"line":14,"column":4},"end":{"line":14,"column":12}},{"start":{"line":15,"column":4},"end":{"line":15,"column":15}},{"start":{"line":16,"column":4},"end":{"line":16,"column":16}},{"start":{"line":17,"column":4},"end":{"line":17,"column":35}}],"line":14},"2":{"loc":{"start":{"line":21,"column":23},"end":{"line":21,"column":34}},"type":"binary-expr","locations":[{"start":{"line":21,"column":23},"end":{"line":21,"column":28}},{"start":{"line":21,"column":32},"end":{"line":21,"column":34}}],"line":21}},"s":{"0":8,"1":39,"2":28,"3":28,"4":20,"5":11,"6":8,"7":21,"8":8,"9":6,"10":8,"11":20,"12":8,"13":21,"14":8,"15":10,"16":8,"17":8},"f":{"0":39,"1":21,"2":6,"3":20,"4":21,"5":10,"6":8},"b":{"0":[28,11],"1":[39,36,33,30],"2":[28,23]},"_coverageSchema":"1a1c01bbd47fc00a2c39e90264f33305004495a9","hash":"8df860aee50d85af62d576c4b3b7bc006e370929"}
,"/media/rodri/aux/documents/pis/pis2020git/pis2020/sdk/requests/getTokenOrRefresh.js": {"path":"/media/rodri/aux/documents/pis/pis2020git/pis2020/sdk/requests/getTokenOrRefresh.js","statementMap":{"0":{"start":{"line":10,"column":26},"end":{"line":116,"column":1}},"1":{"start":{"line":11,"column":21},"end":{"line":11,"column":36}},"2":{"start":{"line":13,"column":2},"end":{"line":26,"column":3}},"3":{"start":{"line":18,"column":26},"end":{"line":22,"column":5}},"4":{"start":{"line":24,"column":4},"end":{"line":24,"column":16}},"5":{"start":{"line":25,"column":4},"end":{"line":25,"column":41}},"6":{"start":{"line":29,"column":2},"end":{"line":33,"column":3}},"7":{"start":{"line":31,"column":4},"end":{"line":31,"column":16}},"8":{"start":{"line":32,"column":4},"end":{"line":32,"column":61}},"9":{"start":{"line":36,"column":2},"end":{"line":38,"column":3}},"10":{"start":{"line":37,"column":4},"end":{"line":37,"column":48}},"11":{"start":{"line":42,"column":29},"end":{"line":44,"column":3}},"12":{"start":{"line":47,"column":19},"end":{"line":47,"column":113}},"13":{"start":{"line":50,"column":2},"end":{"line":51,"column":85}},"14":{"start":{"line":51,"column":4},"end":{"line":51,"column":85}},"15":{"start":{"line":54,"column":2},"end":{"line":54,"column":14}},"16":{"start":{"line":56,"column":2},"end":{"line":115,"column":3}},"17":{"start":{"line":59,"column":21},"end":{"line":75,"column":5}},"18":{"start":{"line":77,"column":23},"end":{"line":77,"column":31}},"19":{"start":{"line":78,"column":25},"end":{"line":78,"column":46}},"20":{"start":{"line":82,"column":4},"end":{"line":84,"column":5}},"21":{"start":{"line":83,"column":6},"end":{"line":83,"column":51}},"22":{"start":{"line":88,"column":4},"end":{"line":94,"column":7}},"23":{"start":{"line":96,"column":4},"end":{"line":105,"column":7}},"24":{"start":{"line":110,"column":4},"end":{"line":111,"column":50}},"25":{"start":{"line":111,"column":6},"end":{"line":111,"column":50}},"26":{"start":{"line":112,"column":4},"end":{"line":113,"column":51}},"27":{"start":{"line":113,"column":6},"end":{"line":113,"column":51}},"28":{"start":{"line":114,"column":4},"end":{"line":114,"column":49}}},"fnMap":{"0":{"name":"(anonymous_0)","decl":{"start":{"line":10,"column":26},"end":{"line":10,"column":27}},"loc":{"start":{"line":10,"column":40},"end":{"line":116,"column":1}},"line":10}},"branchMap":{"0":{"loc":{"start":{"line":13,"column":2},"end":{"line":26,"column":3}},"type":"if","locations":[{"start":{"line":13,"column":2},"end":{"line":26,"column":3}},{"start":{"line":13,"column":2},"end":{"line":26,"column":3}}],"line":13},"1":{"loc":{"start":{"line":14,"column":4},"end":{"line":16,"column":28}},"type":"binary-expr","locations":[{"start":{"line":14,"column":4},"end":{"line":14,"column":24}},{"start":{"line":15,"column":4},"end":{"line":15,"column":27}},{"start":{"line":16,"column":4},"end":{"line":16,"column":28}}],"line":14},"2":{"loc":{"start":{"line":29,"column":2},"end":{"line":33,"column":3}},"type":"if","locations":[{"start":{"line":29,"column":2},"end":{"line":33,"column":3}},{"start":{"line":29,"column":2},"end":{"line":33,"column":3}}],"line":29},"3":{"loc":{"start":{"line":29,"column":6},"end":{"line":29,"column":58}},"type":"binary-expr","locations":[{"start":{"line":29,"column":6},"end":{"line":29,"column":38}},{"start":{"line":29,"column":42},"end":{"line":29,"column":58}}],"line":29},"4":{"loc":{"start":{"line":36,"column":2},"end":{"line":38,"column":3}},"type":"if","locations":[{"start":{"line":36,"column":2},"end":{"line":38,"column":3}},{"start":{"line":36,"column":2},"end":{"line":38,"column":3}}],"line":36},"5":{"loc":{"start":{"line":36,"column":6},"end":{"line":36,"column":74}},"type":"binary-expr","locations":[{"start":{"line":36,"column":6},"end":{"line":36,"column":46}},{"start":{"line":36,"column":50},"end":{"line":36,"column":74}}],"line":36},"6":{"loc":{"start":{"line":50,"column":2},"end":{"line":51,"column":85}},"type":"if","locations":[{"start":{"line":50,"column":2},"end":{"line":51,"column":85}},{"start":{"line":50,"column":2},"end":{"line":51,"column":85}}],"line":50},"7":{"loc":{"start":{"line":82,"column":4},"end":{"line":84,"column":5}},"type":"if","locations":[{"start":{"line":82,"column":4},"end":{"line":84,"column":5}},{"start":{"line":82,"column":4},"end":{"line":84,"column":5}}],"line":82},"8":{"loc":{"start":{"line":110,"column":4},"end":{"line":111,"column":50}},"type":"if","locations":[{"start":{"line":110,"column":4},"end":{"line":111,"column":50}},{"start":{"line":110,"column":4},"end":{"line":111,"column":50}}],"line":110},"9":{"loc":{"start":{"line":110,"column":8},"end":{"line":110,"column":76}},"type":"binary-expr","locations":[{"start":{"line":110,"column":8},"end":{"line":110,"column":24}},{"start":{"line":110,"column":28},"end":{"line":110,"column":76}}],"line":110},"10":{"loc":{"start":{"line":112,"column":4},"end":{"line":113,"column":51}},"type":"if","locations":[{"start":{"line":112,"column":4},"end":{"line":113,"column":51}},{"start":{"line":112,"column":4},"end":{"line":113,"column":51}}],"line":112},"11":{"loc":{"start":{"line":112,"column":8},"end":{"line":112,"column":77}},"type":"binary-expr","locations":[{"start":{"line":112,"column":8},"end":{"line":112,"column":24}},{"start":{"line":112,"column":28},"end":{"line":112,"column":77}}],"line":112}},"s":{"0":14,"1":82,"2":82,"3":32,"4":32,"5":32,"6":50,"7":2,"8":2,"9":48,"10":4,"11":44,"12":44,"13":44,"14":22,"15":44,"16":44,"17":44,"18":32,"19":32,"20":32,"21":4,"22":28,"23":8,"24":32,"25":4,"26":28,"27":4,"28":24},"f":{"0":82},"b":{"0":[32,50],"1":[82,58,54],"2":[2,48],"3":[50,24],"4":[4,44],"5":[48,26],"6":[22,22],"7":[4,28],"8":[4,28],"9":[32,8],"10":[4,24],"11":[28,4]},"_coverageSchema":"1a1c01bbd47fc00a2c39e90264f33305004495a9","hash":"3364afc9f7dea2883cf6af8460c3195e94f597a9"}
,"/media/rodri/aux/documents/pis/pis2020git/pis2020/sdk/requests/getUserInfo.js": {"path":"/media/rodri/aux/documents/pis/pis2020git/pis2020/sdk/requests/getUserInfo.js","statementMap":{"0":{"start":{"line":8,"column":20},"end":{"line":61,"column":1}},"1":{"start":{"line":9,"column":35},"end":{"line":9,"column":50}},"2":{"start":{"line":12,"column":2},"end":{"line":14,"column":3}},"3":{"start":{"line":13,"column":4},"end":{"line":13,"column":48}},"4":{"start":{"line":17,"column":2},"end":{"line":19,"column":3}},"5":{"start":{"line":18,"column":4},"end":{"line":18,"column":51}},"6":{"start":{"line":20,"column":2},"end":{"line":60,"column":3}},"7":{"start":{"line":21,"column":21},"end":{"line":36,"column":5}},"8":{"start":{"line":37,"column":23},"end":{"line":37,"column":31}},"9":{"start":{"line":38,"column":25},"end":{"line":38,"column":46}},"10":{"start":{"line":41,"column":4},"end":{"line":43,"column":5}},"11":{"start":{"line":42,"column":6},"end":{"line":42,"column":51}},"12":{"start":{"line":48,"column":4},"end":{"line":53,"column":5}},"13":{"start":{"line":49,"column":6},"end":{"line":49,"column":45}},"14":{"start":{"line":50,"column":6},"end":{"line":50,"column":57}},"15":{"start":{"line":51,"column":6},"end":{"line":51,"column":71}},"16":{"start":{"line":52,"column":6},"end":{"line":52,"column":43}},"17":{"start":{"line":54,"column":4},"end":{"line":54,"column":46}},"18":{"start":{"line":56,"column":27},"end":{"line":56,"column":60}},"19":{"start":{"line":57,"column":4},"end":{"line":58,"column":50}},"20":{"start":{"line":58,"column":6},"end":{"line":58,"column":50}},"21":{"start":{"line":59,"column":4},"end":{"line":59,"column":49}}},"fnMap":{"0":{"name":"(anonymous_0)","decl":{"start":{"line":8,"column":20},"end":{"line":8,"column":21}},"loc":{"start":{"line":8,"column":32},"end":{"line":61,"column":1}},"line":8}},"branchMap":{"0":{"loc":{"start":{"line":12,"column":2},"end":{"line":14,"column":3}},"type":"if","locations":[{"start":{"line":12,"column":2},"end":{"line":14,"column":3}},{"start":{"line":12,"column":2},"end":{"line":14,"column":3}}],"line":12},"1":{"loc":{"start":{"line":17,"column":2},"end":{"line":19,"column":3}},"type":"if","locations":[{"start":{"line":17,"column":2},"end":{"line":19,"column":3}},{"start":{"line":17,"column":2},"end":{"line":19,"column":3}}],"line":17},"2":{"loc":{"start":{"line":41,"column":4},"end":{"line":43,"column":5}},"type":"if","locations":[{"start":{"line":41,"column":4},"end":{"line":43,"column":5}},{"start":{"line":41,"column":4},"end":{"line":43,"column":5}}],"line":41},"3":{"loc":{"start":{"line":48,"column":4},"end":{"line":53,"column":5}},"type":"if","locations":[{"start":{"line":48,"column":4},"end":{"line":53,"column":5}},{"start":{"line":48,"column":4},"end":{"line":53,"column":5}}],"line":48},"4":{"loc":{"start":{"line":57,"column":4},"end":{"line":58,"column":50}},"type":"if","locations":[{"start":{"line":57,"column":4},"end":{"line":58,"column":50}},{"start":{"line":57,"column":4},"end":{"line":58,"column":50}}],"line":57},"5":{"loc":{"start":{"line":57,"column":8},"end":{"line":57,"column":72}},"type":"binary-expr","locations":[{"start":{"line":57,"column":8},"end":{"line":57,"column":22}},{"start":{"line":57,"column":26},"end":{"line":57,"column":72}}],"line":57}},"s":{"0":14,"1":20,"2":20,"3":2,"4":18,"5":2,"6":16,"7":16,"8":10,"9":10,"10":10,"11":2,"12":8,"13":6,"14":6,"15":6,"16":6,"17":2,"18":6,"19":6,"20":2,"21":4},"f":{"0":20},"b":{"0":[2,18],"1":[2,16],"2":[2,8],"3":[6,2],"4":[2,4],"5":[6,4]},"_coverageSchema":"1a1c01bbd47fc00a2c39e90264f33305004495a9","hash":"fec2163515345af3299aeb5acb16b110ae274263"}
,"/media/rodri/aux/documents/pis/pis2020git/pis2020/sdk/requests/index.js": {"path":"/media/rodri/aux/documents/pis/pis2020git/pis2020/sdk/requests/index.js","statementMap":{"0":{"start":{"line":8,"column":20},"end":{"line":29,"column":1}},"1":{"start":{"line":9,"column":2},"end":{"line":28,"column":3}},"2":{"start":{"line":11,"column":6},"end":{"line":11,"column":21}},"3":{"start":{"line":15,"column":6},"end":{"line":15,"column":37}},"4":{"start":{"line":18,"column":6},"end":{"line":18,"column":22}},"5":{"start":{"line":21,"column":6},"end":{"line":21,"column":27}},"6":{"start":{"line":24,"column":6},"end":{"line":24,"column":29}},"7":{"start":{"line":27,"column":6},"end":{"line":27,"column":29}}},"fnMap":{"0":{"name":"(anonymous_0)","decl":{"start":{"line":8,"column":20},"end":{"line":8,"column":21}},"loc":{"start":{"line":8,"column":34},"end":{"line":29,"column":1}},"line":8}},"branchMap":{"0":{"loc":{"start":{"line":9,"column":2},"end":{"line":28,"column":3}},"type":"switch","locations":[{"start":{"line":10,"column":4},"end":{"line":12,"column":5}},{"start":{"line":13,"column":4},"end":{"line":13,"column":33}},{"start":{"line":14,"column":4},"end":{"line":16,"column":5}},{"start":{"line":17,"column":4},"end":{"line":19,"column":5}},{"start":{"line":20,"column":4},"end":{"line":22,"column":5}},{"start":{"line":23,"column":4},"end":{"line":25,"column":5}},{"start":{"line":26,"column":4},"end":{"line":27,"column":29}}],"line":9}},"s":{"0":14,"1":173,"2":42,"3":82,"4":12,"5":20,"6":16,"7":1},"f":{"0":173},"b":{"0":[42,40,82,12,20,16,1]},"_coverageSchema":"1a1c01bbd47fc00a2c39e90264f33305004495a9","hash":"65e8e7dae6dccea77dd2a7dc24e459349d73a311"}
,"/media/rodri/aux/documents/pis/pis2020git/pis2020/sdk/requests/login.js": {"path":"/media/rodri/aux/documents/pis/pis2020git/pis2020/sdk/requests/login.js","statementMap":{"0":{"start":{"line":8,"column":14},"end":{"line":87,"column":1}},"1":{"start":{"line":11,"column":2},"end":{"line":11,"column":24}},"2":{"start":{"line":12,"column":21},"end":{"line":12,"column":36}},"3":{"start":{"line":18,"column":18},"end":{"line":21,"column":4}},"4":{"start":{"line":19,"column":4},"end":{"line":19,"column":30}},"5":{"start":{"line":20,"column":4},"end":{"line":20,"column":28}},"6":{"start":{"line":24,"column":24},"end":{"line":54,"column":3}},"7":{"start":{"line":27,"column":17},"end":{"line":27,"column":50}},"8":{"start":{"line":28,"column":26},"end":{"line":28,"column":59}},"9":{"start":{"line":33,"column":4},"end":{"line":50,"column":5}},"10":{"start":{"line":34,"column":6},"end":{"line":34,"column":39}},"11":{"start":{"line":36,"column":6},"end":{"line":42,"column":9}},"12":{"start":{"line":43,"column":11},"end":{"line":50,"column":5}},"13":{"start":{"line":45,"column":6},"end":{"line":45,"column":43}},"14":{"start":{"line":46,"column":11},"end":{"line":50,"column":5}},"15":{"start":{"line":47,"column":6},"end":{"line":47,"column":43}},"16":{"start":{"line":49,"column":6},"end":{"line":49,"column":56}},"17":{"start":{"line":53,"column":4},"end":{"line":53,"column":54}},"18":{"start":{"line":56,"column":2},"end":{"line":85,"column":3}},"19":{"start":{"line":58,"column":4},"end":{"line":58,"column":51}},"20":{"start":{"line":61,"column":4},"end":{"line":78,"column":5}},"21":{"start":{"line":66,"column":6},"end":{"line":66,"column":45}},"22":{"start":{"line":70,"column":6},"end":{"line":70,"column":56}},"23":{"start":{"line":71,"column":28},"end":{"line":75,"column":7}},"24":{"start":{"line":76,"column":6},"end":{"line":76,"column":19}},"25":{"start":{"line":77,"column":6},"end":{"line":77,"column":36}},"26":{"start":{"line":82,"column":4},"end":{"line":82,"column":54}},"27":{"start":{"line":83,"column":4},"end":{"line":83,"column":17}},"28":{"start":{"line":84,"column":4},"end":{"line":84,"column":42}},"29":{"start":{"line":86,"column":2},"end":{"line":86,"column":17}}},"fnMap":{"0":{"name":"(anonymous_0)","decl":{"start":{"line":8,"column":14},"end":{"line":8,"column":15}},"loc":{"start":{"line":8,"column":26},"end":{"line":87,"column":1}},"line":8},"1":{"name":"(anonymous_1)","decl":{"start":{"line":18,"column":30},"end":{"line":18,"column":31}},"loc":{"start":{"line":18,"column":51},"end":{"line":21,"column":3}},"line":18},"2":{"name":"(anonymous_2)","decl":{"start":{"line":24,"column":24},"end":{"line":24,"column":25}},"loc":{"start":{"line":24,"column":33},"end":{"line":54,"column":3}},"line":24}},"branchMap":{"0":{"loc":{"start":{"line":33,"column":4},"end":{"line":50,"column":5}},"type":"if","locations":[{"start":{"line":33,"column":4},"end":{"line":50,"column":5}},{"start":{"line":33,"column":4},"end":{"line":50,"column":5}}],"line":33},"1":{"loc":{"start":{"line":33,"column":8},"end":{"line":33,"column":70}},"type":"binary-expr","locations":[{"start":{"line":33,"column":8},"end":{"line":33,"column":12}},{"start":{"line":33,"column":16},"end":{"line":33,"column":29}},{"start":{"line":33,"column":33},"end":{"line":33,"column":70}}],"line":33},"2":{"loc":{"start":{"line":43,"column":11},"end":{"line":50,"column":5}},"type":"if","locations":[{"start":{"line":43,"column":11},"end":{"line":50,"column":5}},{"start":{"line":43,"column":11},"end":{"line":50,"column":5}}],"line":43},"3":{"loc":{"start":{"line":43,"column":15},"end":{"line":43,"column":75}},"type":"binary-expr","locations":[{"start":{"line":43,"column":15},"end":{"line":43,"column":24}},{"start":{"line":43,"column":28},"end":{"line":43,"column":75}}],"line":43},"4":{"loc":{"start":{"line":46,"column":11},"end":{"line":50,"column":5}},"type":"if","locations":[{"start":{"line":46,"column":11},"end":{"line":50,"column":5}},{"start":{"line":46,"column":11},"end":{"line":50,"column":5}}],"line":46},"5":{"loc":{"start":{"line":46,"column":15},"end":{"line":46,"column":69}},"type":"binary-expr","locations":[{"start":{"line":46,"column":15},"end":{"line":46,"column":28}},{"start":{"line":46,"column":32},"end":{"line":46,"column":69}}],"line":46},"6":{"loc":{"start":{"line":61,"column":4},"end":{"line":78,"column":5}},"type":"if","locations":[{"start":{"line":61,"column":4},"end":{"line":78,"column":5}},{"start":{"line":61,"column":4},"end":{"line":78,"column":5}}],"line":61},"7":{"loc":{"start":{"line":62,"column":6},"end":{"line":64,"column":29}},"type":"binary-expr","locations":[{"start":{"line":62,"column":6},"end":{"line":62,"column":25}},{"start":{"line":63,"column":6},"end":{"line":63,"column":28}},{"start":{"line":64,"column":6},"end":{"line":64,"column":29}}],"line":62}},"s":{"0":14,"1":42,"2":42,"3":42,"4":42,"5":42,"6":42,"7":18,"8":18,"9":18,"10":10,"11":8,"12":8,"13":2,"14":6,"15":2,"16":4,"17":16,"18":42,"19":42,"20":40,"21":18,"22":22,"23":22,"24":22,"25":22,"26":4,"27":4,"28":4,"29":42},"f":{"0":42,"1":42,"2":18},"b":{"0":[10,8],"1":[18,12,12],"2":[2,6],"3":[8,8],"4":[2,4],"5":[6,2],"6":[18,22],"7":[40,18,18]},"_coverageSchema":"1a1c01bbd47fc00a2c39e90264f33305004495a9","hash":"9e3fe08b80fa6aba47658b649ab8f803aa475ccd"}
,"/media/rodri/aux/documents/pis/pis2020git/pis2020/sdk/requests/logout.js": {"path":"/media/rodri/aux/documents/pis/pis2020git/pis2020/sdk/requests/logout.js","statementMap":{"0":{"start":{"line":8,"column":15},"end":{"line":58,"column":1}},"1":{"start":{"line":11,"column":2},"end":{"line":11,"column":24}},"2":{"start":{"line":12,"column":21},"end":{"line":12,"column":36}},"3":{"start":{"line":13,"column":2},"end":{"line":57,"column":3}},"4":{"start":{"line":18,"column":4},"end":{"line":21,"column":5}},"5":{"start":{"line":19,"column":6},"end":{"line":19,"column":19}},"6":{"start":{"line":20,"column":6},"end":{"line":20,"column":58}},"7":{"start":{"line":24,"column":21},"end":{"line":30,"column":6}},"8":{"start":{"line":31,"column":23},"end":{"line":31,"column":31}},"9":{"start":{"line":32,"column":21},"end":{"line":32,"column":33}},"10":{"start":{"line":36,"column":4},"end":{"line":50,"column":5}},"11":{"start":{"line":37,"column":6},"end":{"line":46,"column":7}},"12":{"start":{"line":38,"column":22},"end":{"line":38,"column":54}},"13":{"start":{"line":39,"column":8},"end":{"line":39,"column":26}},"14":{"start":{"line":40,"column":8},"end":{"line":45,"column":11}},"15":{"start":{"line":49,"column":6},"end":{"line":49,"column":55}},"16":{"start":{"line":52,"column":4},"end":{"line":52,"column":49}},"17":{"start":{"line":56,"column":4},"end":{"line":56,"column":49}}},"fnMap":{"0":{"name":"(anonymous_0)","decl":{"start":{"line":8,"column":15},"end":{"line":8,"column":16}},"loc":{"start":{"line":8,"column":27},"end":{"line":58,"column":1}},"line":8}},"branchMap":{"0":{"loc":{"start":{"line":18,"column":4},"end":{"line":21,"column":5}},"type":"if","locations":[{"start":{"line":18,"column":4},"end":{"line":21,"column":5}},{"start":{"line":18,"column":4},"end":{"line":21,"column":5}}],"line":18},"1":{"loc":{"start":{"line":36,"column":4},"end":{"line":50,"column":5}},"type":"if","locations":[{"start":{"line":36,"column":4},"end":{"line":50,"column":5}},{"start":{"line":36,"column":4},"end":{"line":50,"column":5}}],"line":36},"2":{"loc":{"start":{"line":37,"column":6},"end":{"line":46,"column":7}},"type":"if","locations":[{"start":{"line":37,"column":6},"end":{"line":46,"column":7}},{"start":{"line":37,"column":6},"end":{"line":46,"column":7}}],"line":37}},"s":{"0":14,"1":12,"2":12,"3":12,"4":12,"5":2,"6":2,"7":10,"8":8,"9":8,"10":8,"11":6,"12":2,"13":2,"14":2,"15":4,"16":2,"17":2},"f":{"0":12},"b":{"0":[2,10],"1":[6,2],"2":[2,4]},"_coverageSchema":"1a1c01bbd47fc00a2c39e90264f33305004495a9","hash":"71a386b20598bb3ec1ba652a868e6f80e75f4c3d"}
,"/media/rodri/aux/documents/pis/pis2020git/pis2020/sdk/requests/validateToken.js": {"path":"/media/rodri/aux/documents/pis/pis2020git/pis2020/sdk/requests/validateToken.js","statementMap":{"0":{"start":{"line":8,"column":22},"end":{"line":44,"column":1}},"1":{"start":{"line":9,"column":32},"end":{"line":9,"column":47}},"2":{"start":{"line":15,"column":2},"end":{"line":17,"column":3}},"3":{"start":{"line":16,"column":4},"end":{"line":16,"column":51}},"4":{"start":{"line":18,"column":2},"end":{"line":20,"column":3}},"5":{"start":{"line":19,"column":4},"end":{"line":19,"column":52}},"6":{"start":{"line":22,"column":2},"end":{"line":43,"column":3}},"7":{"start":{"line":27,"column":25},"end":{"line":36,"column":6}},"8":{"start":{"line":38,"column":29},"end":{"line":38,"column":54}},"9":{"start":{"line":40,"column":4},"end":{"line":40,"column":80}},"10":{"start":{"line":42,"column":4},"end":{"line":42,"column":49}}},"fnMap":{"0":{"name":"(anonymous_0)","decl":{"start":{"line":8,"column":22},"end":{"line":8,"column":23}},"loc":{"start":{"line":8,"column":34},"end":{"line":44,"column":1}},"line":8}},"branchMap":{"0":{"loc":{"start":{"line":15,"column":2},"end":{"line":17,"column":3}},"type":"if","locations":[{"start":{"line":15,"column":2},"end":{"line":17,"column":3}},{"start":{"line":15,"column":2},"end":{"line":17,"column":3}}],"line":15},"1":{"loc":{"start":{"line":18,"column":2},"end":{"line":20,"column":3}},"type":"if","locations":[{"start":{"line":18,"column":2},"end":{"line":20,"column":3}},{"start":{"line":18,"column":2},"end":{"line":20,"column":3}}],"line":18}},"s":{"0":14,"1":16,"2":16,"3":2,"4":14,"5":2,"6":12,"7":12,"8":10,"9":10,"10":2},"f":{"0":16},"b":{"0":[2,14],"1":[2,12]},"_coverageSchema":"1a1c01bbd47fc00a2c39e90264f33305004495a9","hash":"68ab23a2dc05bb7e6bececb4747e8fc149685ae2"}
,"/media/rodri/aux/documents/pis/pis2020git/pis2020/sdk/security/validateResponse.js": {"path":"/media/rodri/aux/documents/pis/pis2020git/pis2020/sdk/security/validateResponse.js","statementMap":{"0":{"start":{"line":8,"column":28},"end":{"line":18,"column":1}},"1":{"start":{"line":9,"column":21},"end":{"line":9,"column":65}},"2":{"start":{"line":12,"column":26},"end":{"line":12,"column":57}},"3":{"start":{"line":14,"column":20},"end":{"line":14,"column":48}},"4":{"start":{"line":15,"column":16},"end":{"line":15,"column":36}},"5":{"start":{"line":17,"column":2},"end":{"line":17,"column":27}},"6":{"start":{"line":23,"column":20},"end":{"line":29,"column":1}},"7":{"start":{"line":24,"column":22},"end":{"line":24,"column":37}},"8":{"start":{"line":25,"column":21},"end":{"line":27,"column":3}},"9":{"start":{"line":28,"column":2},"end":{"line":28,"column":32}}},"fnMap":{"0":{"name":"(anonymous_0)","decl":{"start":{"line":8,"column":28},"end":{"line":8,"column":29}},"loc":{"start":{"line":8,"column":34},"end":{"line":18,"column":1}},"line":8},"1":{"name":"(anonymous_1)","decl":{"start":{"line":23,"column":20},"end":{"line":23,"column":21}},"loc":{"start":{"line":23,"column":27},"end":{"line":29,"column":1}},"line":23}},"branchMap":{},"s":{"0":14,"1":54,"2":54,"3":54,"4":54,"5":54,"6":14,"7":8,"8":8,"9":8},"f":{"0":54,"1":8},"b":{},"_coverageSchema":"1a1c01bbd47fc00a2c39e90264f33305004495a9","hash":"887d3170d280c079604dcd0701baa16e085bd7a0"}
,"/media/rodri/aux/documents/pis/pis2020git/pis2020/sdk/security/validateTokenSecurity.js": {"path":"/media/rodri/aux/documents/pis/pis2020git/pis2020/sdk/security/validateTokenSecurity.js","statementMap":{"0":{"start":{"line":8,"column":30},"end":{"line":62,"column":1}},"1":{"start":{"line":10,"column":17},"end":{"line":13,"column":4}},"2":{"start":{"line":20,"column":16},"end":{"line":25,"column":4}},"3":{"start":{"line":28,"column":18},"end":{"line":30,"column":3}},"4":{"start":{"line":33,"column":21},"end":{"line":35,"column":3}},"5":{"start":{"line":38,"column":2},"end":{"line":38,"column":64}},"6":{"start":{"line":43,"column":2},"end":{"line":43,"column":57}},"7":{"start":{"line":48,"column":2},"end":{"line":51,"column":52}},"8":{"start":{"line":51,"column":30},"end":{"line":51,"column":50}},"9":{"start":{"line":53,"column":2},"end":{"line":60,"column":3}},"10":{"start":{"line":54,"column":4},"end":{"line":59,"column":7}},"11":{"start":{"line":61,"column":2},"end":{"line":61,"column":49}}},"fnMap":{"0":{"name":"(anonymous_0)","decl":{"start":{"line":8,"column":30},"end":{"line":8,"column":31}},"loc":{"start":{"line":8,"column":75},"end":{"line":62,"column":1}},"line":8},"1":{"name":"(anonymous_1)","decl":{"start":{"line":51,"column":25},"end":{"line":51,"column":26}},"loc":{"start":{"line":51,"column":30},"end":{"line":51,"column":50}},"line":51}},"branchMap":{"0":{"loc":{"start":{"line":38,"column":12},"end":{"line":38,"column":63}},"type":"binary-expr","locations":[{"start":{"line":38,"column":12},"end":{"line":38,"column":19}},{"start":{"line":38,"column":23},"end":{"line":38,"column":63}}],"line":38},"1":{"loc":{"start":{"line":43,"column":12},"end":{"line":43,"column":56}},"type":"binary-expr","locations":[{"start":{"line":43,"column":12},"end":{"line":43,"column":19}},{"start":{"line":43,"column":23},"end":{"line":43,"column":56}}],"line":43},"2":{"loc":{"start":{"line":49,"column":4},"end":{"line":51,"column":51}},"type":"binary-expr","locations":[{"start":{"line":49,"column":4},"end":{"line":49,"column":11}},{"start":{"line":50,"column":4},"end":{"line":50,"column":33}},{"start":{"line":51,"column":4},"end":{"line":51,"column":51}}],"line":49},"3":{"loc":{"start":{"line":53,"column":2},"end":{"line":60,"column":3}},"type":"if","locations":[{"start":{"line":53,"column":2},"end":{"line":60,"column":3}},{"start":{"line":53,"column":2},"end":{"line":60,"column":3}}],"line":53}},"s":{"0":14,"1":10,"2":10,"3":10,"4":10,"5":10,"6":10,"7":10,"8":4,"9":10,"10":2,"11":8},"f":{"0":10,"1":4},"b":{"0":[10,8],"1":[10,6],"2":[10,4,2],"3":[2,8]},"_coverageSchema":"1a1c01bbd47fc00a2c39e90264f33305004495a9","hash":"88e3a9b203c2a08655ba1c6d03e2ae787882649f"}
,"/media/rodri/aux/documents/pis/pis2020git/pis2020/sdk/security/validateParameters/BOOLEAN.js": {"path":"/media/rodri/aux/documents/pis/pis2020git/pis2020/sdk/security/validateParameters/BOOLEAN.js","statementMap":{"0":{"start":{"line":4,"column":24},"end":{"line":11,"column":1}},"1":{"start":{"line":6,"column":23},"end":{"line":6,"column":49}},"2":{"start":{"line":7,"column":2},"end":{"line":9,"column":3}},"3":{"start":{"line":8,"column":4},"end":{"line":8,"column":36}},"4":{"start":{"line":10,"column":2},"end":{"line":10,"column":15}}},"fnMap":{"0":{"name":"(anonymous_0)","decl":{"start":{"line":4,"column":24},"end":{"line":4,"column":25}},"loc":{"start":{"line":4,"column":41},"end":{"line":11,"column":1}},"line":4}},"branchMap":{"0":{"loc":{"start":{"line":7,"column":2},"end":{"line":9,"column":3}},"type":"if","locations":[{"start":{"line":7,"column":2},"end":{"line":9,"column":3}},{"start":{"line":7,"column":2},"end":{"line":9,"column":3}}],"line":7},"1":{"loc":{"start":{"line":7,"column":6},"end":{"line":7,"column":53}},"type":"binary-expr","locations":[{"start":{"line":7,"column":6},"end":{"line":7,"column":19}},{"start":{"line":7,"column":23},"end":{"line":7,"column":53}}],"line":7}},"s":{"0":14,"1":44,"2":44,"3":6,"4":38},"f":{"0":44},"b":{"0":[6,38],"1":[44,6]},"_coverageSchema":"1a1c01bbd47fc00a2c39e90264f33305004495a9","hash":"e6e751c2aacfa03a92b3ee99ccbd454180eb7d52"}
,"/media/rodri/aux/documents/pis/pis2020git/pis2020/sdk/security/validateParameters/DIGIT.js": {"path":"/media/rodri/aux/documents/pis/pis2020git/pis2020/sdk/security/validateParameters/DIGIT.js","statementMap":{"0":{"start":{"line":4,"column":22},"end":{"line":16,"column":1}},"1":{"start":{"line":8,"column":4},"end":{"line":11,"column":20}},"2":{"start":{"line":12,"column":2},"end":{"line":14,"column":3}},"3":{"start":{"line":13,"column":4},"end":{"line":13,"column":36}},"4":{"start":{"line":15,"column":2},"end":{"line":15,"column":15}}},"fnMap":{"0":{"name":"(anonymous_0)","decl":{"start":{"line":4,"column":22},"end":{"line":4,"column":23}},"loc":{"start":{"line":4,"column":39},"end":{"line":16,"column":1}},"line":4}},"branchMap":{"0":{"loc":{"start":{"line":8,"column":4},"end":{"line":11,"column":20}},"type":"binary-expr","locations":[{"start":{"line":8,"column":4},"end":{"line":8,"column":29}},{"start":{"line":9,"column":4},"end":{"line":9,"column":27}},{"start":{"line":10,"column":4},"end":{"line":10,"column":13}},{"start":{"line":11,"column":4},"end":{"line":11,"column":20}}],"line":8},"1":{"loc":{"start":{"line":12,"column":2},"end":{"line":14,"column":3}},"type":"if","locations":[{"start":{"line":12,"column":2},"end":{"line":14,"column":3}},{"start":{"line":12,"column":2},"end":{"line":14,"column":3}}],"line":12},"2":{"loc":{"start":{"line":12,"column":6},"end":{"line":12,"column":50}},"type":"binary-expr","locations":[{"start":{"line":12,"column":6},"end":{"line":12,"column":17}},{"start":{"line":12,"column":21},"end":{"line":12,"column":50}}],"line":12}},"s":{"0":14,"1":28,"2":28,"3":4,"4":24},"f":{"0":28},"b":{"0":[28,24,24,24],"1":[4,24],"2":[28,4]},"_coverageSchema":"1a1c01bbd47fc00a2c39e90264f33305004495a9","hash":"02619183771c5da6bf25198a72d0931d70c8d15c"}
,"/media/rodri/aux/documents/pis/pis2020git/pis2020/sdk/security/validateParameters/NQCHAR.js": {"path":"/media/rodri/aux/documents/pis/pis2020git/pis2020/sdk/security/validateParameters/NQCHAR.js","statementMap":{"0":{"start":{"line":4,"column":23},"end":{"line":23,"column":1}},"1":{"start":{"line":7,"column":2},"end":{"line":7,"column":24}},"2":{"start":{"line":9,"column":2},"end":{"line":9,"column":57}},"3":{"start":{"line":13,"column":2},"end":{"line":18,"column":6}},"4":{"start":{"line":19,"column":2},"end":{"line":21,"column":3}},"5":{"start":{"line":20,"column":4},"end":{"line":20,"column":31}},"6":{"start":{"line":22,"column":2},"end":{"line":22,"column":36}}},"fnMap":{"0":{"name":"(anonymous_0)","decl":{"start":{"line":4,"column":23},"end":{"line":4,"column":24}},"loc":{"start":{"line":4,"column":40},"end":{"line":23,"column":1}},"line":4}},"branchMap":{"0":{"loc":{"start":{"line":9,"column":16},"end":{"line":9,"column":56}},"type":"binary-expr","locations":[{"start":{"line":9,"column":16},"end":{"line":9,"column":27}},{"start":{"line":9,"column":31},"end":{"line":9,"column":56}}],"line":9},"1":{"loc":{"start":{"line":14,"column":4},"end":{"line":18,"column":5}},"type":"binary-expr","locations":[{"start":{"line":14,"column":4},"end":{"line":14,"column":15}},{"start":{"line":15,"column":4},"end":{"line":15,"column":46}},{"start":{"line":16,"column":4},"end":{"line":18,"column":5}}],"line":14},"2":{"loc":{"start":{"line":19,"column":2},"end":{"line":21,"column":3}},"type":"if","locations":[{"start":{"line":19,"column":2},"end":{"line":21,"column":3}},{"start":{"line":19,"column":2},"end":{"line":21,"column":3}}],"line":19},"3":{"loc":{"start":{"line":19,"column":6},"end":{"line":19,"column":47}},"type":"binary-expr","locations":[{"start":{"line":19,"column":6},"end":{"line":19,"column":18}},{"start":{"line":19,"column":22},"end":{"line":19,"column":47}}],"line":19}},"s":{"0":14,"1":9,"2":9,"3":9,"4":9,"5":2,"6":7},"f":{"0":9},"b":{"0":[9,9],"1":[9,9,9],"2":[2,7],"3":[9,2]},"_coverageSchema":"1a1c01bbd47fc00a2c39e90264f33305004495a9","hash":"8839a0ca66255a3da98350410e9c4906d62cf32c"}
,"/media/rodri/aux/documents/pis/pis2020git/pis2020/sdk/security/validateParameters/URIReference.js": {"path":"/media/rodri/aux/documents/pis/pis2020git/pis2020/sdk/security/validateParameters/URIReference.js","statementMap":{"0":{"start":{"line":5,"column":29},"end":{"line":32,"column":1}},"1":{"start":{"line":8,"column":2},"end":{"line":8,"column":30}},"2":{"start":{"line":10,"column":2},"end":{"line":10,"column":69}},"3":{"start":{"line":15,"column":2},"end":{"line":20,"column":6}},"4":{"start":{"line":21,"column":2},"end":{"line":30,"column":3}},"5":{"start":{"line":22,"column":4},"end":{"line":29,"column":5}},"6":{"start":{"line":24,"column":8},"end":{"line":24,"column":42}},"7":{"start":{"line":27,"column":8},"end":{"line":27,"column":40}},"8":{"start":{"line":31,"column":2},"end":{"line":31,"column":15}}},"fnMap":{"0":{"name":"(anonymous_0)","decl":{"start":{"line":5,"column":29},"end":{"line":5,"column":30}},"loc":{"start":{"line":5,"column":46},"end":{"line":32,"column":1}},"line":5}},"branchMap":{"0":{"loc":{"start":{"line":10,"column":22},"end":{"line":10,"column":68}},"type":"binary-expr","locations":[{"start":{"line":10,"column":22},"end":{"line":10,"column":39}},{"start":{"line":10,"column":43},"end":{"line":10,"column":68}}],"line":10},"1":{"loc":{"start":{"line":16,"column":4},"end":{"line":20,"column":5}},"type":"binary-expr","locations":[{"start":{"line":16,"column":4},"end":{"line":16,"column":21}},{"start":{"line":17,"column":4},"end":{"line":17,"column":42}},{"start":{"line":18,"column":4},"end":{"line":20,"column":5}}],"line":16},"2":{"loc":{"start":{"line":21,"column":2},"end":{"line":30,"column":3}},"type":"if","locations":[{"start":{"line":21,"column":2},"end":{"line":30,"column":3}},{"start":{"line":21,"column":2},"end":{"line":30,"column":3}}],"line":21},"3":{"loc":{"start":{"line":22,"column":4},"end":{"line":29,"column":5}},"type":"switch","locations":[{"start":{"line":23,"column":6},"end":{"line":25,"column":7}},{"start":{"line":26,"column":6},"end":{"line":28,"column":7}}],"line":22}},"s":{"0":14,"1":162,"2":162,"3":162,"4":162,"5":12,"6":8,"7":4,"8":150},"f":{"0":162},"b":{"0":[162,162],"1":[162,162,162],"2":[12,150],"3":[8,4]},"_coverageSchema":"1a1c01bbd47fc00a2c39e90264f33305004495a9","hash":"12f74bb6ca05d4a36e096201834bdf1a9e40da9b"}
,"/media/rodri/aux/documents/pis/pis2020git/pis2020/sdk/security/validateParameters/VSCHAR.js": {"path":"/media/rodri/aux/documents/pis/pis2020git/pis2020/sdk/security/validateParameters/VSCHAR.js","statementMap":{"0":{"start":{"line":5,"column":23},"end":{"line":44,"column":1}},"1":{"start":{"line":8,"column":2},"end":{"line":8,"column":24}},"2":{"start":{"line":10,"column":2},"end":{"line":10,"column":57}},"3":{"start":{"line":14,"column":2},"end":{"line":19,"column":6}},"4":{"start":{"line":20,"column":2},"end":{"line":42,"column":3}},"5":{"start":{"line":21,"column":4},"end":{"line":41,"column":5}},"6":{"start":{"line":23,"column":8},"end":{"line":23,"column":39}},"7":{"start":{"line":26,"column":8},"end":{"line":26,"column":43}},"8":{"start":{"line":29,"column":8},"end":{"line":29,"column":48}},"9":{"start":{"line":33,"column":8},"end":{"line":33,"column":35}},"10":{"start":{"line":36,"column":8},"end":{"line":36,"column":35}},"11":{"start":{"line":39,"column":8},"end":{"line":39,"column":38}},"12":{"start":{"line":43,"column":2},"end":{"line":43,"column":15}}},"fnMap":{"0":{"name":"(anonymous_0)","decl":{"start":{"line":5,"column":23},"end":{"line":5,"column":24}},"loc":{"start":{"line":5,"column":40},"end":{"line":44,"column":1}},"line":5}},"branchMap":{"0":{"loc":{"start":{"line":10,"column":16},"end":{"line":10,"column":56}},"type":"binary-expr","locations":[{"start":{"line":10,"column":16},"end":{"line":10,"column":27}},{"start":{"line":10,"column":31},"end":{"line":10,"column":56}}],"line":10},"1":{"loc":{"start":{"line":15,"column":4},"end":{"line":19,"column":5}},"type":"binary-expr","locations":[{"start":{"line":15,"column":4},"end":{"line":15,"column":15}},{"start":{"line":16,"column":4},"end":{"line":16,"column":32}},{"start":{"line":17,"column":4},"end":{"line":19,"column":5}}],"line":15},"2":{"loc":{"start":{"line":20,"column":2},"end":{"line":42,"column":3}},"type":"if","locations":[{"start":{"line":20,"column":2},"end":{"line":42,"column":3}},{"start":{"line":20,"column":2},"end":{"line":42,"column":3}}],"line":20},"3":{"loc":{"start":{"line":21,"column":4},"end":{"line":41,"column":5}},"type":"switch","locations":[{"start":{"line":22,"column":6},"end":{"line":24,"column":7}},{"start":{"line":25,"column":6},"end":{"line":27,"column":7}},{"start":{"line":28,"column":6},"end":{"line":30,"column":7}},{"start":{"line":31,"column":6},"end":{"line":31,"column":34}},{"start":{"line":32,"column":6},"end":{"line":34,"column":7}},{"start":{"line":35,"column":6},"end":{"line":37,"column":7}},{"start":{"line":38,"column":6},"end":{"line":40,"column":7}}],"line":21}},"s":{"0":14,"1":590,"2":590,"3":590,"4":590,"5":36,"6":8,"7":8,"8":4,"9":10,"10":2,"11":4,"12":554},"f":{"0":590},"b":{"0":[590,590],"1":[590,590,590],"2":[36,554],"3":[8,8,4,4,10,2,4]},"_coverageSchema":"1a1c01bbd47fc00a2c39e90264f33305004495a9","hash":"c408dc1e1369ca956c446ef9a9d313438b2bdd4f"}
,"/media/rodri/aux/documents/pis/pis2020git/pis2020/sdk/security/validateParameters/index.js": {"path":"/media/rodri/aux/documents/pis/pis2020git/pis2020/sdk/security/validateParameters/index.js","statementMap":{"0":{"start":{"line":9,"column":27},"end":{"line":47,"column":1}},"1":{"start":{"line":10,"column":2},"end":{"line":46,"column":3}},"2":{"start":{"line":19,"column":6},"end":{"line":19,"column":41}},"3":{"start":{"line":25,"column":6},"end":{"line":25,"column":47}},"4":{"start":{"line":30,"column":6},"end":{"line":30,"column":52}},"5":{"start":{"line":30,"column":17},"end":{"line":30,"column":52}},"6":{"start":{"line":31,"column":6},"end":{"line":31,"column":16}},"7":{"start":{"line":36,"column":6},"end":{"line":36,"column":40}},"8":{"start":{"line":41,"column":6},"end":{"line":41,"column":42}},"9":{"start":{"line":45,"column":6},"end":{"line":45,"column":42}}},"fnMap":{"0":{"name":"(anonymous_0)","decl":{"start":{"line":9,"column":27},"end":{"line":9,"column":28}},"loc":{"start":{"line":9,"column":44},"end":{"line":47,"column":1}},"line":9}},"branchMap":{"0":{"loc":{"start":{"line":10,"column":2},"end":{"line":46,"column":3}},"type":"switch","locations":[{"start":{"line":12,"column":4},"end":{"line":12,"column":29}},{"start":{"line":13,"column":4},"end":{"line":13,"column":33}},{"start":{"line":14,"column":4},"end":{"line":14,"column":25}},{"start":{"line":15,"column":4},"end":{"line":15,"column":32}},{"start":{"line":16,"column":4},"end":{"line":16,"column":33}},{"start":{"line":17,"column":4},"end":{"line":17,"column":26}},{"start":{"line":18,"column":4},"end":{"line":20,"column":5}},{"start":{"line":23,"column":4},"end":{"line":23,"column":32}},{"start":{"line":24,"column":4},"end":{"line":26,"column":5}},{"start":{"line":29,"column":4},"end":{"line":32,"column":5}},{"start":{"line":35,"column":4},"end":{"line":37,"column":5}},{"start":{"line":40,"column":4},"end":{"line":42,"column":5}},{"start":{"line":44,"column":4},"end":{"line":45,"column":42}}],"line":10},"1":{"loc":{"start":{"line":30,"column":6},"end":{"line":30,"column":52}},"type":"if","locations":[{"start":{"line":30,"column":6},"end":{"line":30,"column":52}},{"start":{"line":30,"column":6},"end":{"line":30,"column":52}}],"line":30}},"s":{"0":14,"1":837,"2":590,"3":162,"4":11,"5":9,"6":2,"7":28,"8":44,"9":2},"f":{"0":837},"b":{"0":[148,282,352,398,464,520,590,134,162,11,28,44,2],"1":[9,2]},"_coverageSchema":"1a1c01bbd47fc00a2c39e90264f33305004495a9","hash":"1a4f8bdb85edc4ecacacd72e7ef91b1ee79df549"}
,"/media/rodri/aux/documents/pis/pis2020git/pis2020/sdk/utils/constants.js": {"path":"/media/rodri/aux/documents/pis/pis2020git/pis2020/sdk/utils/constants.js","statementMap":{"0":{"start":{"line":1,"column":22},"end":{"line":8,"column":1}},"1":{"start":{"line":10,"column":19},"end":{"line":23,"column":1}},"2":{"start":{"line":26,"column":17},"end":{"line":31,"column":1}},"3":{"start":{"line":34,"column":17},"end":{"line":42,"column":1}}},"fnMap":{},"branchMap":{},"s":{"0":14,"1":14,"2":14,"3":14},"f":{},"b":{},"_coverageSchema":"1a1c01bbd47fc00a2c39e90264f33305004495a9","hash":"0da94675afb51d5aae5ec0835488bd61ece731e1"}
,"/media/rodri/aux/documents/pis/pis2020git/pis2020/sdk/utils/encoding.js": {"path":"/media/rodri/aux/documents/pis/pis2020git/pis2020/sdk/utils/encoding.js","statementMap":{"0":{"start":{"line":4,"column":26},"end":{"line":18,"column":1}},"1":{"start":{"line":6,"column":12},"end":{"line":6,"column":55}},"2":{"start":{"line":9,"column":14},"end":{"line":9,"column":30}},"3":{"start":{"line":10,"column":2},"end":{"line":15,"column":3}},"4":{"start":{"line":11,"column":4},"end":{"line":13,"column":5}},"5":{"start":{"line":12,"column":6},"end":{"line":12,"column":41}},"6":{"start":{"line":14,"column":4},"end":{"line":14,"column":40}},"7":{"start":{"line":17,"column":2},"end":{"line":17,"column":13}},"8":{"start":{"line":20,"column":20},"end":{"line":32,"column":1}},"9":{"start":{"line":21,"column":2},"end":{"line":31,"column":3}},"10":{"start":{"line":22,"column":16},"end":{"line":22,"column":27}},"11":{"start":{"line":23,"column":17},"end":{"line":23,"column":19}},"12":{"start":{"line":24,"column":4},"end":{"line":27,"column":5}},"13":{"start":{"line":24,"column":17},"end":{"line":24,"column":18}},"14":{"start":{"line":25,"column":18},"end":{"line":25,"column":48}},"15":{"start":{"line":26,"column":6},"end":{"line":26,"column":51}},"16":{"start":{"line":28,"column":4},"end":{"line":28,"column":32}},"17":{"start":{"line":30,"column":4},"end":{"line":30,"column":50}}},"fnMap":{"0":{"name":"(anonymous_0)","decl":{"start":{"line":4,"column":26},"end":{"line":4,"column":27}},"loc":{"start":{"line":4,"column":35},"end":{"line":18,"column":1}},"line":4},"1":{"name":"(anonymous_1)","decl":{"start":{"line":20,"column":20},"end":{"line":20,"column":21}},"loc":{"start":{"line":20,"column":27},"end":{"line":32,"column":1}},"line":20}},"branchMap":{"0":{"loc":{"start":{"line":10,"column":2},"end":{"line":15,"column":3}},"type":"if","locations":[{"start":{"line":10,"column":2},"end":{"line":15,"column":3}},{"start":{"line":10,"column":2},"end":{"line":15,"column":3}}],"line":10},"1":{"loc":{"start":{"line":11,"column":4},"end":{"line":13,"column":5}},"type":"if","locations":[{"start":{"line":11,"column":4},"end":{"line":13,"column":5}},{"start":{"line":11,"column":4},"end":{"line":13,"column":5}}],"line":11},"2":{"loc":{"start":{"line":26,"column":16},"end":{"line":26,"column":50}},"type":"cond-expr","locations":[{"start":{"line":26,"column":35},"end":{"line":26,"column":38}},{"start":{"line":26,"column":41},"end":{"line":26,"column":50}}],"line":26}},"s":{"0":14,"1":10,"2":10,"3":10,"4":10,"5":0,"6":10,"7":10,"8":14,"9":20,"10":20,"11":20,"12":20,"13":20,"14":80,"15":80,"16":20,"17":0},"f":{"0":10,"1":20},"b":{"0":[10,0],"1":[0,10],"2":[80,0]},"_coverageSchema":"1a1c01bbd47fc00a2c39e90264f33305004495a9","hash":"b036d0b0aa32f23ee45e1682d18ad752ed24379b"}
,"/media/rodri/aux/documents/pis/pis2020git/pis2020/sdk/utils/endpoints.js": {"path":"/media/rodri/aux/documents/pis/pis2020git/pis2020/sdk/utils/endpoints.js","statementMap":{"0":{"start":{"line":3,"column":25},"end":{"line":3,"column":64}},"1":{"start":{"line":4,"column":26},"end":{"line":4,"column":73}},"2":{"start":{"line":6,"column":22},"end":{"line":10,"column":1}},"3":{"start":{"line":7,"column":25},"end":{"line":7,"column":40}},"4":{"start":{"line":8,"column":25},"end":{"line":8,"column":74}},"5":{"start":{"line":9,"column":2},"end":{"line":9,"column":35}},"6":{"start":{"line":12,"column":22},"end":{"line":16,"column":1}},"7":{"start":{"line":13,"column":62},"end":{"line":13,"column":77}},"8":{"start":{"line":14,"column":25},"end":{"line":14,"column":74}},"9":{"start":{"line":15,"column":2},"end":{"line":15,"column":147}},"10":{"start":{"line":18,"column":25},"end":{"line":22,"column":1}},"11":{"start":{"line":19,"column":25},"end":{"line":19,"column":40}},"12":{"start":{"line":20,"column":25},"end":{"line":20,"column":74}},"13":{"start":{"line":21,"column":2},"end":{"line":21,"column":38}},"14":{"start":{"line":24,"column":23},"end":{"line":28,"column":1}},"15":{"start":{"line":25,"column":41},"end":{"line":25,"column":56}},"16":{"start":{"line":26,"column":25},"end":{"line":26,"column":74}},"17":{"start":{"line":27,"column":2},"end":{"line":27,"column":102}},"18":{"start":{"line":30,"column":30},"end":{"line":34,"column":1}},"19":{"start":{"line":31,"column":25},"end":{"line":31,"column":40}},"20":{"start":{"line":32,"column":25},"end":{"line":32,"column":74}},"21":{"start":{"line":33,"column":2},"end":{"line":33,"column":34}},"22":{"start":{"line":36,"column":15},"end":{"line":40,"column":1}},"23":{"start":{"line":37,"column":25},"end":{"line":37,"column":40}},"24":{"start":{"line":38,"column":25},"end":{"line":38,"column":74}},"25":{"start":{"line":39,"column":2},"end":{"line":39,"column":29}}},"fnMap":{"0":{"name":"(anonymous_0)","decl":{"start":{"line":6,"column":22},"end":{"line":6,"column":23}},"loc":{"start":{"line":6,"column":28},"end":{"line":10,"column":1}},"line":6},"1":{"name":"(anonymous_1)","decl":{"start":{"line":12,"column":22},"end":{"line":12,"column":23}},"loc":{"start":{"line":12,"column":28},"end":{"line":16,"column":1}},"line":12},"2":{"name":"(anonymous_2)","decl":{"start":{"line":18,"column":25},"end":{"line":18,"column":26}},"loc":{"start":{"line":18,"column":31},"end":{"line":22,"column":1}},"line":18},"3":{"name":"(anonymous_3)","decl":{"start":{"line":24,"column":23},"end":{"line":24,"column":24}},"loc":{"start":{"line":24,"column":29},"end":{"line":28,"column":1}},"line":24},"4":{"name":"(anonymous_4)","decl":{"start":{"line":30,"column":30},"end":{"line":30,"column":31}},"loc":{"start":{"line":30,"column":36},"end":{"line":34,"column":1}},"line":30},"5":{"name":"(anonymous_5)","decl":{"start":{"line":36,"column":15},"end":{"line":36,"column":16}},"loc":{"start":{"line":36,"column":21},"end":{"line":40,"column":1}},"line":36}},"branchMap":{"0":{"loc":{"start":{"line":8,"column":25},"end":{"line":8,"column":74}},"type":"cond-expr","locations":[{"start":{"line":8,"column":38},"end":{"line":8,"column":54}},{"start":{"line":8,"column":57},"end":{"line":8,"column":74}}],"line":8},"1":{"loc":{"start":{"line":14,"column":25},"end":{"line":14,"column":74}},"type":"cond-expr","locations":[{"start":{"line":14,"column":38},"end":{"line":14,"column":54}},{"start":{"line":14,"column":57},"end":{"line":14,"column":74}}],"line":14},"2":{"loc":{"start":{"line":20,"column":25},"end":{"line":20,"column":74}},"type":"cond-expr","locations":[{"start":{"line":20,"column":38},"end":{"line":20,"column":54}},{"start":{"line":20,"column":57},"end":{"line":20,"column":74}}],"line":20},"3":{"loc":{"start":{"line":26,"column":25},"end":{"line":26,"column":74}},"type":"cond-expr","locations":[{"start":{"line":26,"column":38},"end":{"line":26,"column":54}},{"start":{"line":26,"column":57},"end":{"line":26,"column":74}}],"line":26},"4":{"loc":{"start":{"line":32,"column":25},"end":{"line":32,"column":74}},"type":"cond-expr","locations":[{"start":{"line":32,"column":38},"end":{"line":32,"column":54}},{"start":{"line":32,"column":57},"end":{"line":32,"column":74}}],"line":32},"5":{"loc":{"start":{"line":38,"column":25},"end":{"line":38,"column":74}},"type":"cond-expr","locations":[{"start":{"line":38,"column":38},"end":{"line":38,"column":54}},{"start":{"line":38,"column":57},"end":{"line":38,"column":74}}],"line":38}},"s":{"0":14,"1":14,"2":14,"3":44,"4":44,"5":44,"6":14,"7":18,"8":18,"9":18,"10":14,"11":16,"12":16,"13":16,"14":14,"15":16,"16":16,"17":16,"18":14,"19":12,"20":12,"21":12,"22":14,"23":10,"24":10,"25":10},"f":{"0":44,"1":18,"2":16,"3":16,"4":12,"5":10},"b":{"0":[4,40],"1":[2,16],"2":[0,16],"3":[0,16],"4":[0,12],"5":[0,10]},"_coverageSchema":"1a1c01bbd47fc00a2c39e90264f33305004495a9","hash":"2b306a9745df7d194dcb730a69b2a9ac4d1607dc"}
,"/media/rodri/aux/documents/pis/pis2020git/pis2020/sdk/utils/errors.js": {"path":"/media/rodri/aux/documents/pis/pis2020git/pis2020/sdk/utils/errors.js","statementMap":{"0":{"start":{"line":2,"column":19},"end":{"line":25,"column":1}},"1":{"start":{"line":27,"column":26},"end":{"line":54,"column":1}},"2":{"start":{"line":63,"column":4},"end":{"line":63,"column":21}},"3":{"start":{"line":65,"column":4},"end":{"line":65,"column":26}},"4":{"start":{"line":66,"column":4},"end":{"line":66,"column":31}},"5":{"start":{"line":67,"column":4},"end":{"line":67,"column":45}},"6":{"start":{"line":77,"column":4},"end":{"line":77,"column":21}},"7":{"start":{"line":78,"column":4},"end":{"line":78,"column":34}},"8":{"start":{"line":79,"column":4},"end":{"line":79,"column":31}},"9":{"start":{"line":80,"column":4},"end":{"line":80,"column":45}},"10":{"start":{"line":90,"column":4},"end":{"line":90,"column":21}},"11":{"start":{"line":91,"column":4},"end":{"line":91,"column":37}},"12":{"start":{"line":92,"column":4},"end":{"line":92,"column":31}},"13":{"start":{"line":93,"column":4},"end":{"line":93,"column":45}},"14":{"start":{"line":103,"column":4},"end":{"line":103,"column":21}},"15":{"start":{"line":104,"column":4},"end":{"line":104,"column":38}},"16":{"start":{"line":105,"column":4},"end":{"line":105,"column":31}},"17":{"start":{"line":106,"column":4},"end":{"line":106,"column":45}},"18":{"start":{"line":116,"column":4},"end":{"line":116,"column":21}},"19":{"start":{"line":117,"column":4},"end":{"line":117,"column":31}},"20":{"start":{"line":118,"column":4},"end":{"line":118,"column":31}},"21":{"start":{"line":119,"column":4},"end":{"line":119,"column":45}},"22":{"start":{"line":129,"column":4},"end":{"line":129,"column":21}},"23":{"start":{"line":130,"column":4},"end":{"line":130,"column":43}},"24":{"start":{"line":131,"column":4},"end":{"line":131,"column":31}},"25":{"start":{"line":132,"column":4},"end":{"line":132,"column":45}},"26":{"start":{"line":142,"column":4},"end":{"line":142,"column":21}},"27":{"start":{"line":143,"column":4},"end":{"line":143,"column":32}},"28":{"start":{"line":144,"column":4},"end":{"line":144,"column":31}},"29":{"start":{"line":145,"column":4},"end":{"line":145,"column":45}},"30":{"start":{"line":155,"column":4},"end":{"line":155,"column":21}},"31":{"start":{"line":156,"column":4},"end":{"line":156,"column":31}},"32":{"start":{"line":157,"column":4},"end":{"line":157,"column":31}},"33":{"start":{"line":158,"column":4},"end":{"line":158,"column":45}},"34":{"start":{"line":168,"column":4},"end":{"line":168,"column":21}},"35":{"start":{"line":169,"column":4},"end":{"line":169,"column":31}},"36":{"start":{"line":170,"column":4},"end":{"line":170,"column":31}},"37":{"start":{"line":171,"column":4},"end":{"line":171,"column":45}},"38":{"start":{"line":181,"column":4},"end":{"line":181,"column":21}},"39":{"start":{"line":182,"column":4},"end":{"line":182,"column":32}},"40":{"start":{"line":183,"column":4},"end":{"line":183,"column":31}},"41":{"start":{"line":184,"column":4},"end":{"line":184,"column":45}},"42":{"start":{"line":194,"column":4},"end":{"line":194,"column":21}},"43":{"start":{"line":195,"column":4},"end":{"line":195,"column":35}},"44":{"start":{"line":196,"column":4},"end":{"line":196,"column":31}},"45":{"start":{"line":197,"column":4},"end":{"line":197,"column":45}},"46":{"start":{"line":207,"column":4},"end":{"line":207,"column":21}},"47":{"start":{"line":208,"column":4},"end":{"line":208,"column":35}},"48":{"start":{"line":209,"column":4},"end":{"line":209,"column":31}},"49":{"start":{"line":210,"column":4},"end":{"line":210,"column":45}},"50":{"start":{"line":220,"column":4},"end":{"line":220,"column":21}},"51":{"start":{"line":221,"column":4},"end":{"line":221,"column":29}},"52":{"start":{"line":222,"column":4},"end":{"line":222,"column":31}},"53":{"start":{"line":223,"column":4},"end":{"line":223,"column":45}},"54":{"start":{"line":233,"column":4},"end":{"line":233,"column":21}},"55":{"start":{"line":234,"column":4},"end":{"line":234,"column":33}},"56":{"start":{"line":235,"column":4},"end":{"line":235,"column":31}},"57":{"start":{"line":236,"column":4},"end":{"line":236,"column":45}},"58":{"start":{"line":246,"column":4},"end":{"line":246,"column":21}},"59":{"start":{"line":247,"column":4},"end":{"line":247,"column":31}},"60":{"start":{"line":248,"column":4},"end":{"line":248,"column":31}},"61":{"start":{"line":249,"column":4},"end":{"line":249,"column":45}},"62":{"start":{"line":259,"column":4},"end":{"line":259,"column":21}},"63":{"start":{"line":260,"column":4},"end":{"line":260,"column":37}},"64":{"start":{"line":261,"column":4},"end":{"line":261,"column":31}},"65":{"start":{"line":262,"column":4},"end":{"line":262,"column":45}},"66":{"start":{"line":272,"column":4},"end":{"line":272,"column":21}},"67":{"start":{"line":273,"column":4},"end":{"line":273,"column":35}},"68":{"start":{"line":274,"column":4},"end":{"line":274,"column":31}},"69":{"start":{"line":275,"column":4},"end":{"line":275,"column":45}},"70":{"start":{"line":285,"column":4},"end":{"line":285,"column":21}},"71":{"start":{"line":286,"column":4},"end":{"line":286,"column":47}},"72":{"start":{"line":287,"column":4},"end":{"line":287,"column":31}},"73":{"start":{"line":288,"column":4},"end":{"line":288,"column":45}},"74":{"start":{"line":298,"column":4},"end":{"line":298,"column":21}},"75":{"start":{"line":299,"column":4},"end":{"line":299,"column":31}},"76":{"start":{"line":300,"column":4},"end":{"line":300,"column":31}},"77":{"start":{"line":301,"column":4},"end":{"line":301,"column":45}},"78":{"start":{"line":311,"column":4},"end":{"line":311,"column":21}},"79":{"start":{"line":312,"column":4},"end":{"line":312,"column":35}},"80":{"start":{"line":313,"column":4},"end":{"line":313,"column":31}},"81":{"start":{"line":314,"column":4},"end":{"line":314,"column":45}},"82":{"start":{"line":324,"column":4},"end":{"line":324,"column":21}},"83":{"start":{"line":325,"column":4},"end":{"line":325,"column":36}},"84":{"start":{"line":326,"column":4},"end":{"line":326,"column":31}},"85":{"start":{"line":327,"column":4},"end":{"line":327,"column":45}},"86":{"start":{"line":337,"column":4},"end":{"line":337,"column":21}},"87":{"start":{"line":338,"column":4},"end":{"line":338,"column":39}},"88":{"start":{"line":339,"column":4},"end":{"line":339,"column":31}},"89":{"start":{"line":340,"column":4},"end":{"line":340,"column":45}},"90":{"start":{"line":344,"column":15},"end":{"line":367,"column":1}}},"fnMap":{"0":{"name":"(anonymous_0)","decl":{"start":{"line":57,"column":2},"end":{"line":57,"column":3}},"loc":{"start":{"line":61,"column":4},"end":{"line":68,"column":3}},"line":61},"1":{"name":"(anonymous_1)","decl":{"start":{"line":72,"column":2},"end":{"line":72,"column":3}},"loc":{"start":{"line":76,"column":4},"end":{"line":81,"column":3}},"line":76},"2":{"name":"(anonymous_2)","decl":{"start":{"line":85,"column":2},"end":{"line":85,"column":3}},"loc":{"start":{"line":89,"column":4},"end":{"line":94,"column":3}},"line":89},"3":{"name":"(anonymous_3)","decl":{"start":{"line":98,"column":2},"end":{"line":98,"column":3}},"loc":{"start":{"line":102,"column":4},"end":{"line":107,"column":3}},"line":102},"4":{"name":"(anonymous_4)","decl":{"start":{"line":111,"column":2},"end":{"line":111,"column":3}},"loc":{"start":{"line":115,"column":4},"end":{"line":120,"column":3}},"line":115},"5":{"name":"(anonymous_5)","decl":{"start":{"line":124,"column":2},"end":{"line":124,"column":3}},"loc":{"start":{"line":128,"column":4},"end":{"line":133,"column":3}},"line":128},"6":{"name":"(anonymous_6)","decl":{"start":{"line":137,"column":2},"end":{"line":137,"column":3}},"loc":{"start":{"line":141,"column":4},"end":{"line":146,"column":3}},"line":141},"7":{"name":"(anonymous_7)","decl":{"start":{"line":150,"column":2},"end":{"line":150,"column":3}},"loc":{"start":{"line":154,"column":4},"end":{"line":159,"column":3}},"line":154},"8":{"name":"(anonymous_8)","decl":{"start":{"line":163,"column":2},"end":{"line":163,"column":3}},"loc":{"start":{"line":167,"column":4},"end":{"line":172,"column":3}},"line":167},"9":{"name":"(anonymous_9)","decl":{"start":{"line":176,"column":2},"end":{"line":176,"column":3}},"loc":{"start":{"line":180,"column":4},"end":{"line":185,"column":3}},"line":180},"10":{"name":"(anonymous_10)","decl":{"start":{"line":189,"column":2},"end":{"line":189,"column":3}},"loc":{"start":{"line":193,"column":4},"end":{"line":198,"column":3}},"line":193},"11":{"name":"(anonymous_11)","decl":{"start":{"line":202,"column":2},"end":{"line":202,"column":3}},"loc":{"start":{"line":206,"column":4},"end":{"line":211,"column":3}},"line":206},"12":{"name":"(anonymous_12)","decl":{"start":{"line":215,"column":2},"end":{"line":215,"column":3}},"loc":{"start":{"line":219,"column":4},"end":{"line":224,"column":3}},"line":219},"13":{"name":"(anonymous_13)","decl":{"start":{"line":228,"column":2},"end":{"line":228,"column":3}},"loc":{"start":{"line":232,"column":4},"end":{"line":237,"column":3}},"line":232},"14":{"name":"(anonymous_14)","decl":{"start":{"line":241,"column":2},"end":{"line":241,"column":3}},"loc":{"start":{"line":245,"column":4},"end":{"line":250,"column":3}},"line":245},"15":{"name":"(anonymous_15)","decl":{"start":{"line":254,"column":2},"end":{"line":254,"column":3}},"loc":{"start":{"line":258,"column":4},"end":{"line":263,"column":3}},"line":258},"16":{"name":"(anonymous_16)","decl":{"start":{"line":267,"column":2},"end":{"line":267,"column":3}},"loc":{"start":{"line":271,"column":4},"end":{"line":276,"column":3}},"line":271},"17":{"name":"(anonymous_17)","decl":{"start":{"line":280,"column":2},"end":{"line":280,"column":3}},"loc":{"start":{"line":284,"column":4},"end":{"line":289,"column":3}},"line":284},"18":{"name":"(anonymous_18)","decl":{"start":{"line":293,"column":2},"end":{"line":293,"column":3}},"loc":{"start":{"line":297,"column":4},"end":{"line":302,"column":3}},"line":297},"19":{"name":"(anonymous_19)","decl":{"start":{"line":306,"column":2},"end":{"line":306,"column":3}},"loc":{"start":{"line":310,"column":4},"end":{"line":315,"column":3}},"line":310},"20":{"name":"(anonymous_20)","decl":{"start":{"line":319,"column":2},"end":{"line":319,"column":3}},"loc":{"start":{"line":323,"column":4},"end":{"line":328,"column":3}},"line":323},"21":{"name":"(anonymous_21)","decl":{"start":{"line":332,"column":2},"end":{"line":332,"column":3}},"loc":{"start":{"line":336,"column":4},"end":{"line":341,"column":3}},"line":336}},"branchMap":{"0":{"loc":{"start":{"line":58,"column":4},"end":{"line":58,"column":34}},"type":"default-arg","locations":[{"start":{"line":58,"column":16},"end":{"line":58,"column":34}}],"line":58},"1":{"loc":{"start":{"line":59,"column":4},"end":{"line":59,"column":48}},"type":"default-arg","locations":[{"start":{"line":59,"column":23},"end":{"line":59,"column":48}}],"line":59},"2":{"loc":{"start":{"line":73,"column":4},"end":{"line":73,"column":42}},"type":"default-arg","locations":[{"start":{"line":73,"column":16},"end":{"line":73,"column":42}}],"line":73},"3":{"loc":{"start":{"line":74,"column":4},"end":{"line":74,"column":56}},"type":"default-arg","locations":[{"start":{"line":74,"column":23},"end":{"line":74,"column":56}}],"line":74},"4":{"loc":{"start":{"line":86,"column":4},"end":{"line":86,"column":45}},"type":"default-arg","locations":[{"start":{"line":86,"column":16},"end":{"line":86,"column":45}}],"line":86},"5":{"loc":{"start":{"line":87,"column":4},"end":{"line":87,"column":59}},"type":"default-arg","locations":[{"start":{"line":87,"column":23},"end":{"line":87,"column":59}}],"line":87},"6":{"loc":{"start":{"line":99,"column":4},"end":{"line":99,"column":46}},"type":"default-arg","locations":[{"start":{"line":99,"column":16},"end":{"line":99,"column":46}}],"line":99},"7":{"loc":{"start":{"line":100,"column":4},"end":{"line":100,"column":60}},"type":"default-arg","locations":[{"start":{"line":100,"column":23},"end":{"line":100,"column":60}}],"line":100},"8":{"loc":{"start":{"line":112,"column":4},"end":{"line":112,"column":39}},"type":"default-arg","locations":[{"start":{"line":112,"column":16},"end":{"line":112,"column":39}}],"line":112},"9":{"loc":{"start":{"line":113,"column":4},"end":{"line":113,"column":53}},"type":"default-arg","locations":[{"start":{"line":113,"column":23},"end":{"line":113,"column":53}}],"line":113},"10":{"loc":{"start":{"line":125,"column":4},"end":{"line":125,"column":51}},"type":"default-arg","locations":[{"start":{"line":125,"column":16},"end":{"line":125,"column":51}}],"line":125},"11":{"loc":{"start":{"line":126,"column":4},"end":{"line":126,"column":65}},"type":"default-arg","locations":[{"start":{"line":126,"column":23},"end":{"line":126,"column":65}}],"line":126},"12":{"loc":{"start":{"line":138,"column":4},"end":{"line":138,"column":40}},"type":"default-arg","locations":[{"start":{"line":138,"column":16},"end":{"line":138,"column":40}}],"line":138},"13":{"loc":{"start":{"line":139,"column":4},"end":{"line":139,"column":54}},"type":"default-arg","locations":[{"start":{"line":139,"column":23},"end":{"line":139,"column":54}}],"line":139},"14":{"loc":{"start":{"line":151,"column":4},"end":{"line":151,"column":39}},"type":"default-arg","locations":[{"start":{"line":151,"column":16},"end":{"line":151,"column":39}}],"line":151},"15":{"loc":{"start":{"line":152,"column":4},"end":{"line":152,"column":53}},"type":"default-arg","locations":[{"start":{"line":152,"column":23},"end":{"line":152,"column":53}}],"line":152},"16":{"loc":{"start":{"line":164,"column":4},"end":{"line":164,"column":39}},"type":"default-arg","locations":[{"start":{"line":164,"column":16},"end":{"line":164,"column":39}}],"line":164},"17":{"loc":{"start":{"line":165,"column":4},"end":{"line":165,"column":53}},"type":"default-arg","locations":[{"start":{"line":165,"column":23},"end":{"line":165,"column":53}}],"line":165},"18":{"loc":{"start":{"line":177,"column":4},"end":{"line":177,"column":40}},"type":"default-arg","locations":[{"start":{"line":177,"column":16},"end":{"line":177,"column":40}}],"line":177},"19":{"loc":{"start":{"line":178,"column":4},"end":{"line":178,"column":54}},"type":"default-arg","locations":[{"start":{"line":178,"column":23},"end":{"line":178,"column":54}}],"line":178},"20":{"loc":{"start":{"line":190,"column":4},"end":{"line":190,"column":45}},"type":"default-arg","locations":[{"start":{"line":190,"column":16},"end":{"line":190,"column":45}}],"line":190},"21":{"loc":{"start":{"line":191,"column":4},"end":{"line":191,"column":59}},"type":"default-arg","locations":[{"start":{"line":191,"column":23},"end":{"line":191,"column":59}}],"line":191},"22":{"loc":{"start":{"line":203,"column":4},"end":{"line":203,"column":43}},"type":"default-arg","locations":[{"start":{"line":203,"column":16},"end":{"line":203,"column":43}}],"line":203},"23":{"loc":{"start":{"line":204,"column":4},"end":{"line":204,"column":57}},"type":"default-arg","locations":[{"start":{"line":204,"column":23},"end":{"line":204,"column":57}}],"line":204},"24":{"loc":{"start":{"line":216,"column":4},"end":{"line":216,"column":37}},"type":"default-arg","locations":[{"start":{"line":216,"column":16},"end":{"line":216,"column":37}}],"line":216},"25":{"loc":{"start":{"line":217,"column":4},"end":{"line":217,"column":51}},"type":"default-arg","locations":[{"start":{"line":217,"column":23},"end":{"line":217,"column":51}}],"line":217},"26":{"loc":{"start":{"line":229,"column":4},"end":{"line":229,"column":41}},"type":"default-arg","locations":[{"start":{"line":229,"column":16},"end":{"line":229,"column":41}}],"line":229},"27":{"loc":{"start":{"line":230,"column":4},"end":{"line":230,"column":55}},"type":"default-arg","locations":[{"start":{"line":230,"column":23},"end":{"line":230,"column":55}}],"line":230},"28":{"loc":{"start":{"line":242,"column":4},"end":{"line":242,"column":39}},"type":"default-arg","locations":[{"start":{"line":242,"column":16},"end":{"line":242,"column":39}}],"line":242},"29":{"loc":{"start":{"line":243,"column":4},"end":{"line":243,"column":53}},"type":"default-arg","locations":[{"start":{"line":243,"column":23},"end":{"line":243,"column":53}}],"line":243},"30":{"loc":{"start":{"line":255,"column":4},"end":{"line":255,"column":45}},"type":"default-arg","locations":[{"start":{"line":255,"column":16},"end":{"line":255,"column":45}}],"line":255},"31":{"loc":{"start":{"line":256,"column":4},"end":{"line":256,"column":59}},"type":"default-arg","locations":[{"start":{"line":256,"column":23},"end":{"line":256,"column":59}}],"line":256},"32":{"loc":{"start":{"line":268,"column":4},"end":{"line":268,"column":43}},"type":"default-arg","locations":[{"start":{"line":268,"column":16},"end":{"line":268,"column":43}}],"line":268},"33":{"loc":{"start":{"line":269,"column":4},"end":{"line":269,"column":57}},"type":"default-arg","locations":[{"start":{"line":269,"column":23},"end":{"line":269,"column":57}}],"line":269},"34":{"loc":{"start":{"line":281,"column":4},"end":{"line":281,"column":55}},"type":"default-arg","locations":[{"start":{"line":281,"column":16},"end":{"line":281,"column":55}}],"line":281},"35":{"loc":{"start":{"line":282,"column":4},"end":{"line":282,"column":69}},"type":"default-arg","locations":[{"start":{"line":282,"column":23},"end":{"line":282,"column":69}}],"line":282},"36":{"loc":{"start":{"line":294,"column":4},"end":{"line":294,"column":39}},"type":"default-arg","locations":[{"start":{"line":294,"column":16},"end":{"line":294,"column":39}}],"line":294},"37":{"loc":{"start":{"line":295,"column":4},"end":{"line":295,"column":53}},"type":"default-arg","locations":[{"start":{"line":295,"column":23},"end":{"line":295,"column":53}}],"line":295},"38":{"loc":{"start":{"line":307,"column":4},"end":{"line":307,"column":43}},"type":"default-arg","locations":[{"start":{"line":307,"column":16},"end":{"line":307,"column":43}}],"line":307},"39":{"loc":{"start":{"line":308,"column":4},"end":{"line":308,"column":57}},"type":"default-arg","locations":[{"start":{"line":308,"column":23},"end":{"line":308,"column":57}}],"line":308},"40":{"loc":{"start":{"line":320,"column":4},"end":{"line":320,"column":44}},"type":"default-arg","locations":[{"start":{"line":320,"column":16},"end":{"line":320,"column":44}}],"line":320},"41":{"loc":{"start":{"line":321,"column":4},"end":{"line":321,"column":58}},"type":"default-arg","locations":[{"start":{"line":321,"column":23},"end":{"line":321,"column":58}}],"line":321},"42":{"loc":{"start":{"line":333,"column":4},"end":{"line":333,"column":47}},"type":"default-arg","locations":[{"start":{"line":333,"column":16},"end":{"line":333,"column":47}}],"line":333},"43":{"loc":{"start":{"line":334,"column":4},"end":{"line":334,"column":61}},"type":"default-arg","locations":[{"start":{"line":334,"column":23},"end":{"line":334,"column":61}}],"line":334}},"s":{"0":14,"1":14,"2":14,"3":14,"4":14,"5":14,"6":14,"7":14,"8":14,"9":14,"10":14,"11":14,"12":14,"13":14,"14":14,"15":14,"16":14,"17":14,"18":14,"19":14,"20":14,"21":14,"22":14,"23":14,"24":14,"25":14,"26":14,"27":14,"28":14,"29":14,"30":14,"31":14,"32":14,"33":14,"34":14,"35":14,"36":14,"37":14,"38":14,"39":14,"40":14,"41":14,"42":14,"43":14,"44":14,"45":14,"46":14,"47":14,"48":14,"49":14,"50":14,"51":14,"52":14,"53":14,"54":14,"55":14,"56":14,"57":14,"58":14,"59":14,"60":14,"61":14,"62":14,"63":14,"64":14,"65":14,"66":14,"67":14,"68":14,"69":14,"70":14,"71":14,"72":14,"73":14,"74":14,"75":14,"76":14,"77":14,"78":14,"79":14,"80":14,"81":14,"82":14,"83":14,"84":14,"85":14,"86":14,"87":14,"88":14,"89":14,"90":14},"f":{"0":14,"1":14,"2":14,"3":14,"4":14,"5":14,"6":14,"7":14,"8":14,"9":14,"10":14,"11":14,"12":14,"13":14,"14":14,"15":14,"16":14,"17":14,"18":14,"19":14,"20":14,"21":14},"b":{"0":[14],"1":[14],"2":[14],"3":[14],"4":[14],"5":[14],"6":[14],"7":[14],"8":[14],"9":[14],"10":[14],"11":[14],"12":[14],"13":[14],"14":[14],"15":[14],"16":[14],"17":[14],"18":[14],"19":[14],"20":[14],"21":[14],"22":[14],"23":[14],"24":[14],"25":[14],"26":[14],"27":[14],"28":[14],"29":[14],"30":[14],"31":[14],"32":[14],"33":[14],"34":[14],"35":[14],"36":[14],"37":[14],"38":[14],"39":[14],"40":[14],"41":[14],"42":[14],"43":[14]},"_coverageSchema":"1a1c01bbd47fc00a2c39e90264f33305004495a9","hash":"4792da2e25032616691e30c1ac6a871d4cf658fc"}
,"/media/rodri/aux/documents/pis/pis2020git/pis2020/sdk/utils/helpers.js": {"path":"/media/rodri/aux/documents/pis/pis2020git/pis2020/sdk/utils/helpers.js","statementMap":{"0":{"start":{"line":4,"column":25},"end":{"line":20,"column":1}},"1":{"start":{"line":6,"column":2},"end":{"line":18,"column":3}},"2":{"start":{"line":8,"column":4},"end":{"line":8,"column":40}},"3":{"start":{"line":9,"column":9},"end":{"line":18,"column":3}},"4":{"start":{"line":11,"column":4},"end":{"line":11,"column":43}},"5":{"start":{"line":12,"column":9},"end":{"line":18,"column":3}},"6":{"start":{"line":14,"column":4},"end":{"line":14,"column":44}},"7":{"start":{"line":15,"column":9},"end":{"line":18,"column":3}},"8":{"start":{"line":17,"column":4},"end":{"line":17,"column":41}},"9":{"start":{"line":19,"column":2},"end":{"line":19,"column":18}},"10":{"start":{"line":22,"column":14},"end":{"line":28,"column":1}},"11":{"start":{"line":23,"column":23},"end":{"line":23,"column":37}},"12":{"start":{"line":24,"column":2},"end":{"line":27,"column":5}},"13":{"start":{"line":25,"column":4},"end":{"line":25,"column":29}},"14":{"start":{"line":25,"column":17},"end":{"line":25,"column":29}},"15":{"start":{"line":26,"column":4},"end":{"line":26,"column":43}}},"fnMap":{"0":{"name":"(anonymous_0)","decl":{"start":{"line":4,"column":25},"end":{"line":4,"column":26}},"loc":{"start":{"line":4,"column":78},"end":{"line":20,"column":1}},"line":4},"1":{"name":"(anonymous_1)","decl":{"start":{"line":22,"column":14},"end":{"line":22,"column":15}},"loc":{"start":{"line":22,"column":39},"end":{"line":28,"column":1}},"line":22},"2":{"name":"(anonymous_2)","decl":{"start":{"line":24,"column":50},"end":{"line":24,"column":51}},"loc":{"start":{"line":24,"column":59},"end":{"line":27,"column":3}},"line":24}},"branchMap":{"0":{"loc":{"start":{"line":6,"column":2},"end":{"line":18,"column":3}},"type":"if","locations":[{"start":{"line":6,"column":2},"end":{"line":18,"column":3}},{"start":{"line":6,"column":2},"end":{"line":18,"column":3}}],"line":6},"1":{"loc":{"start":{"line":9,"column":9},"end":{"line":18,"column":3}},"type":"if","locations":[{"start":{"line":9,"column":9},"end":{"line":18,"column":3}},{"start":{"line":9,"column":9},"end":{"line":18,"column":3}}],"line":9},"2":{"loc":{"start":{"line":12,"column":9},"end":{"line":18,"column":3}},"type":"if","locations":[{"start":{"line":12,"column":9},"end":{"line":18,"column":3}},{"start":{"line":12,"column":9},"end":{"line":18,"column":3}}],"line":12},"3":{"loc":{"start":{"line":15,"column":9},"end":{"line":18,"column":3}},"type":"if","locations":[{"start":{"line":15,"column":9},"end":{"line":18,"column":3}},{"start":{"line":15,"column":9},"end":{"line":18,"column":3}}],"line":15},"4":{"loc":{"start":{"line":22,"column":29},"end":{"line":22,"column":34}},"type":"default-arg","locations":[{"start":{"line":22,"column":33},"end":{"line":22,"column":34}}],"line":22},"5":{"loc":{"start":{"line":25,"column":4},"end":{"line":25,"column":29}},"type":"if","locations":[{"start":{"line":25,"column":4},"end":{"line":25,"column":29}},{"start":{"line":25,"column":4},"end":{"line":25,"column":29}}],"line":25}},"s":{"0":14,"1":65,"2":49,"3":16,"4":7,"5":9,"6":7,"7":2,"8":2,"9":65,"10":14,"11":162,"12":162,"13":102,"14":22,"15":80},"f":{"0":65,"1":162,"2":102},"b":{"0":[49,16],"1":[7,9],"2":[7,2],"3":[2,0],"4":[22],"5":[22,80]},"_coverageSchema":"1a1c01bbd47fc00a2c39e90264f33305004495a9","hash":"8f1ba9b96cceb1c35aa9e3475329efd7b1f8cb43"}
}
