TN:
SF:configuration/index.js
FN:20,(anonymous_0)
FN:22,(anonymous_1)
FN:27,(anonymous_2)
FN:42,(anonymous_3)
FN:50,(anonymous_4)
FN:51,(anonymous_5)
FN:62,(anonymous_6)
FN:63,(anonymous_7)
FN:69,(anonymous_8)
FN:73,(anonymous_9)
FNF:10
FNH:10
FNDA:671,(anonymous_0)
FNDA:256,(anonymous_1)
FNDA:880,(anonymous_2)
FNDA:589,(anonymous_3)
FNDA:2,(anonymous_4)
FNDA:24,(anonymous_5)
FNDA:177,(anonymous_6)
FNDA:2124,(anonymous_7)
FNDA:78,(anonymous_8)
FNDA:28,(anonymous_9)
DA:5,14
DA:20,671
DA:22,14
DA:23,256
DA:27,256
DA:28,880
DA:29,837
DA:30,837
DA:32,62
DA:38,256
DA:42,200
DA:43,589
DA:47,200
DA:50,14
DA:51,2
DA:52,24
DA:58,16
DA:62,14
DA:63,177
DA:64,2124
DA:66,177
DA:69,14
DA:70,78
DA:73,14
DA:74,28
LF:25
LH:25
BRDA:28,0,0,837
BRDA:28,0,1,43
BRDA:32,1,0,56
BRDA:32,1,1,6
BRDA:38,2,0,56
BRDA:38,2,1,200
BRDA:52,3,0,16
BRDA:52,3,1,8
BRDA:53,4,0,24
BRDA:53,4,1,22
BRDA:53,4,2,20
BRDA:53,4,3,18
BRDA:64,5,0,1947
BRDA:64,5,1,177
BRF:14
BRH:14
end_of_record
TN:
SF:interfaces/index.js
FN:12,(anonymous_0)
FN:40,(anonymous_1)
FN:42,(anonymous_2)
FN:44,(anonymous_3)
FN:46,(anonymous_4)
FN:48,(anonymous_5)
FN:50,(anonymous_6)
FNF:7
FNH:7
FNDA:39,(anonymous_0)
FNDA:21,(anonymous_1)
FNDA:6,(anonymous_2)
FNDA:20,(anonymous_3)
FNDA:21,(anonymous_4)
FNDA:10,(anonymous_5)
FNDA:8,(anonymous_6)
DA:12,8
DA:13,39
DA:21,28
DA:22,28
DA:30,20
DA:37,11
DA:40,21
DA:42,8
DA:44,20
DA:46,21
DA:48,10
DA:50,8
LF:12
LH:12
BRDA:13,0,0,28
BRDA:13,0,1,11
BRDA:14,1,0,39
BRDA:14,1,1,36
BRDA:14,1,2,33
BRDA:14,1,3,30
BRDA:21,2,0,28
BRDA:21,2,1,23
BRF:8
BRH:8
end_of_record
TN:
SF:requests/getTokenOrRefresh.js
FN:10,(anonymous_0)
FNF:1
FNH:1
FNDA:82,(anonymous_0)
DA:10,14
DA:11,82
DA:13,82
DA:18,32
DA:24,32
DA:25,32
DA:29,50
DA:31,2
DA:32,2
DA:36,48
DA:37,4
DA:42,44
DA:47,44
DA:50,44
DA:51,22
DA:54,44
DA:56,44
DA:59,44
DA:77,32
DA:78,32
DA:82,32
DA:83,4
DA:88,28
DA:96,8
DA:110,32
DA:111,4
DA:112,28
DA:113,4
DA:114,24
LF:29
LH:29
BRDA:13,0,0,32
BRDA:13,0,1,50
BRDA:14,1,0,82
BRDA:14,1,1,58
BRDA:14,1,2,54
BRDA:29,2,0,2
BRDA:29,2,1,48
BRDA:29,3,0,50
BRDA:29,3,1,24
BRDA:36,4,0,4
BRDA:36,4,1,44
BRDA:36,5,0,48
BRDA:36,5,1,26
BRDA:50,6,0,22
BRDA:50,6,1,22
BRDA:82,7,0,4
BRDA:82,7,1,28
BRDA:110,8,0,4
BRDA:110,8,1,28
BRDA:110,9,0,32
BRDA:110,9,1,8
BRDA:112,10,0,4
BRDA:112,10,1,24
BRDA:112,11,0,28
BRDA:112,11,1,4
BRF:25
BRH:25
end_of_record
TN:
SF:requests/getUserInfo.js
FN:8,(anonymous_0)
FNF:1
FNH:1
FNDA:20,(anonymous_0)
DA:8,14
DA:9,20
DA:12,20
DA:13,2
DA:17,18
DA:18,2
DA:20,16
DA:21,16
DA:37,10
DA:38,10
DA:41,10
DA:42,2
DA:48,8
DA:49,6
DA:50,6
DA:51,6
DA:52,6
DA:54,2
DA:56,6
DA:57,6
DA:58,2
DA:59,4
LF:22
LH:22
BRDA:12,0,0,2
BRDA:12,0,1,18
BRDA:17,1,0,2
BRDA:17,1,1,16
BRDA:41,2,0,2
BRDA:41,2,1,8
BRDA:48,3,0,6
BRDA:48,3,1,2
BRDA:57,4,0,2
BRDA:57,4,1,4
BRDA:57,5,0,6
BRDA:57,5,1,4
BRF:12
BRH:12
end_of_record
TN:
SF:requests/index.js
FN:8,(anonymous_0)
FNF:1
FNH:1
FNDA:173,(anonymous_0)
DA:8,14
DA:9,173
DA:11,42
DA:15,82
DA:18,12
DA:21,20
DA:24,16
DA:27,1
LF:8
LH:8
BRDA:9,0,0,42
BRDA:9,0,1,40
BRDA:9,0,2,82
BRDA:9,0,3,12
BRDA:9,0,4,20
BRDA:9,0,5,16
BRDA:9,0,6,1
BRF:7
BRH:7
end_of_record
TN:
SF:requests/login.js
FN:8,(anonymous_0)
FN:18,(anonymous_1)
FN:24,(anonymous_2)
FNF:3
FNH:3
FNDA:42,(anonymous_0)
FNDA:42,(anonymous_1)
FNDA:18,(anonymous_2)
DA:8,14
DA:11,42
DA:12,42
DA:18,42
DA:19,42
DA:20,42
DA:24,42
DA:27,18
DA:28,18
DA:33,18
DA:34,10
DA:36,8
DA:43,8
DA:45,2
DA:46,6
DA:47,2
DA:49,4
DA:53,16
DA:56,42
DA:58,42
DA:61,40
DA:66,18
DA:70,22
DA:71,22
DA:76,22
DA:77,22
DA:82,4
DA:83,4
DA:84,4
DA:86,42
LF:30
LH:30
BRDA:33,0,0,10
BRDA:33,0,1,8
BRDA:33,1,0,18
BRDA:33,1,1,12
BRDA:33,1,2,12
BRDA:43,2,0,2
BRDA:43,2,1,6
BRDA:43,3,0,8
BRDA:43,3,1,8
BRDA:46,4,0,2
BRDA:46,4,1,4
BRDA:46,5,0,6
BRDA:46,5,1,2
BRDA:61,6,0,18
BRDA:61,6,1,22
BRDA:62,7,0,40
BRDA:62,7,1,18
BRDA:62,7,2,18
BRF:18
BRH:18
end_of_record
TN:
SF:requests/logout.js
FN:8,(anonymous_0)
FNF:1
FNH:1
FNDA:12,(anonymous_0)
DA:8,14
DA:11,12
DA:12,12
DA:13,12
DA:18,12
DA:19,2
DA:20,2
DA:24,10
DA:31,8
DA:32,8
DA:36,8
DA:37,6
DA:38,2
DA:39,2
DA:40,2
DA:49,4
DA:52,2
DA:56,2
LF:18
LH:18
BRDA:18,0,0,2
BRDA:18,0,1,10
BRDA:36,1,0,6
BRDA:36,1,1,2
BRDA:37,2,0,2
BRDA:37,2,1,4
BRF:6
BRH:6
end_of_record
TN:
SF:requests/validateToken.js
FN:8,(anonymous_0)
FNF:1
FNH:1
FNDA:16,(anonymous_0)
DA:8,14
DA:9,16
DA:15,16
DA:16,2
DA:18,14
DA:19,2
DA:22,12
DA:27,12
DA:38,10
DA:40,10
DA:42,2
LF:11
LH:11
BRDA:15,0,0,2
BRDA:15,0,1,14
BRDA:18,1,0,2
BRDA:18,1,1,12
BRF:4
BRH:4
end_of_record
TN:
SF:security/validateResponse.js
FN:8,(anonymous_0)
FN:23,(anonymous_1)
FNF:2
FNH:2
FNDA:54,(anonymous_0)
FNDA:8,(anonymous_1)
DA:8,14
DA:9,54
DA:12,54
DA:14,54
DA:15,54
DA:17,54
DA:23,14
DA:24,8
DA:25,8
DA:28,8
LF:10
LH:10
BRF:0
BRH:0
end_of_record
TN:
SF:security/validateTokenSecurity.js
FN:8,(anonymous_0)
FN:51,(anonymous_1)
FNF:2
FNH:2
FNDA:10,(anonymous_0)
FNDA:4,(anonymous_1)
DA:8,14
DA:10,10
DA:20,10
DA:28,10
DA:33,10
DA:38,10
DA:43,10
DA:48,10
DA:51,4
DA:53,10
DA:54,2
DA:61,8
LF:12
LH:12
BRDA:38,0,0,10
BRDA:38,0,1,8
BRDA:43,1,0,10
BRDA:43,1,1,6
BRDA:49,2,0,10
BRDA:49,2,1,4
BRDA:49,2,2,2
BRDA:53,3,0,2
BRDA:53,3,1,8
BRF:9
BRH:9
end_of_record
TN:
SF:security/validateParameters/BOOLEAN.js
FN:4,(anonymous_0)
FNF:1
FNH:1
FNDA:44,(anonymous_0)
DA:4,14
DA:6,44
DA:7,44
DA:8,6
DA:10,38
LF:5
LH:5
BRDA:7,0,0,6
BRDA:7,0,1,38
BRDA:7,1,0,44
BRDA:7,1,1,6
BRF:4
BRH:4
end_of_record
TN:
SF:security/validateParameters/DIGIT.js
FN:4,(anonymous_0)
FNF:1
FNH:1
FNDA:28,(anonymous_0)
DA:4,14
DA:8,28
DA:12,28
DA:13,4
DA:15,24
LF:5
LH:5
BRDA:8,0,0,28
BRDA:8,0,1,24
BRDA:8,0,2,24
BRDA:8,0,3,24
BRDA:12,1,0,4
BRDA:12,1,1,24
BRDA:12,2,0,28
BRDA:12,2,1,4
BRF:8
BRH:8
end_of_record
TN:
SF:security/validateParameters/NQCHAR.js
FN:4,(anonymous_0)
FNF:1
FNH:1
FNDA:9,(anonymous_0)
DA:4,14
DA:7,9
DA:9,9
DA:13,9
DA:19,9
DA:20,2
DA:22,7
LF:7
LH:7
BRDA:9,0,0,9
BRDA:9,0,1,9
BRDA:14,1,0,9
BRDA:14,1,1,9
BRDA:14,1,2,9
BRDA:19,2,0,2
BRDA:19,2,1,7
BRDA:19,3,0,9
BRDA:19,3,1,2
BRF:9
BRH:9
end_of_record
TN:
SF:security/validateParameters/URIReference.js
FN:5,(anonymous_0)
FNF:1
FNH:1
FNDA:162,(anonymous_0)
DA:5,14
DA:8,162
DA:10,162
DA:15,162
DA:21,162
DA:22,12
DA:24,8
DA:27,4
DA:31,150
LF:9
LH:9
BRDA:10,0,0,162
BRDA:10,0,1,162
BRDA:16,1,0,162
BRDA:16,1,1,162
BRDA:16,1,2,162
BRDA:21,2,0,12
BRDA:21,2,1,150
BRDA:22,3,0,8
BRDA:22,3,1,4
BRF:9
BRH:9
end_of_record
TN:
SF:security/validateParameters/VSCHAR.js
FN:5,(anonymous_0)
FNF:1
FNH:1
FNDA:590,(anonymous_0)
DA:5,14
DA:8,590
DA:10,590
DA:14,590
DA:20,590
DA:21,36
DA:23,8
DA:26,8
DA:29,4
DA:33,10
DA:36,2
DA:39,4
DA:43,554
LF:13
LH:13
BRDA:10,0,0,590
BRDA:10,0,1,590
BRDA:15,1,0,590
BRDA:15,1,1,590
BRDA:15,1,2,590
BRDA:20,2,0,36
BRDA:20,2,1,554
BRDA:21,3,0,8
BRDA:21,3,1,8
BRDA:21,3,2,4
BRDA:21,3,3,4
BRDA:21,3,4,10
BRDA:21,3,5,2
BRDA:21,3,6,4
BRF:14
BRH:14
end_of_record
TN:
SF:security/validateParameters/index.js
FN:9,(anonymous_0)
FNF:1
FNH:1
FNDA:837,(anonymous_0)
DA:9,14
DA:10,837
DA:19,590
DA:25,162
DA:30,11
DA:31,2
DA:36,28
DA:41,44
DA:45,2
LF:9
LH:9
BRDA:10,0,0,148
BRDA:10,0,1,282
BRDA:10,0,2,352
BRDA:10,0,3,398
BRDA:10,0,4,464
BRDA:10,0,5,520
BRDA:10,0,6,590
BRDA:10,0,7,134
BRDA:10,0,8,162
BRDA:10,0,9,11
BRDA:10,0,10,28
BRDA:10,0,11,44
BRDA:10,0,12,2
BRDA:30,1,0,9
BRDA:30,1,1,2
BRF:15
BRH:15
end_of_record
TN:
SF:utils/constants.js
FNF:0
FNH:0
DA:1,14
DA:10,14
DA:26,14
DA:34,14
LF:4
LH:4
BRF:0
BRH:0
end_of_record
TN:
SF:utils/encoding.js
FN:4,(anonymous_0)
FN:20,(anonymous_1)
FNF:2
FNH:2
FNDA:10,(anonymous_0)
FNDA:20,(anonymous_1)
DA:4,14
DA:6,10
DA:9,10
DA:10,10
DA:11,10
DA:12,0
DA:14,10
DA:17,10
DA:20,14
DA:21,20
DA:22,20
DA:23,20
DA:24,20
DA:25,80
DA:26,80
DA:28,20
DA:30,0
LF:17
LH:15
BRDA:10,0,0,10
BRDA:10,0,1,0
BRDA:11,1,0,0
BRDA:11,1,1,10
BRDA:26,2,0,80
BRDA:26,2,1,0
BRF:6
BRH:3
end_of_record
TN:
SF:utils/endpoints.js
FN:6,(anonymous_0)
FN:12,(anonymous_1)
FN:18,(anonymous_2)
FN:24,(anonymous_3)
FN:30,(anonymous_4)
FN:36,(anonymous_5)
FNF:6
FNH:6
FNDA:44,(anonymous_0)
FNDA:18,(anonymous_1)
FNDA:16,(anonymous_2)
FNDA:16,(anonymous_3)
FNDA:12,(anonymous_4)
FNDA:10,(anonymous_5)
DA:3,14
DA:4,14
DA:6,14
DA:7,44
DA:8,44
DA:9,44
DA:12,14
DA:13,18
DA:14,18
DA:15,18
DA:18,14
DA:19,16
DA:20,16
DA:21,16
DA:24,14
DA:25,16
DA:26,16
DA:27,16
DA:30,14
DA:31,12
DA:32,12
DA:33,12
DA:36,14
DA:37,10
DA:38,10
DA:39,10
LF:26
LH:26
BRDA:8,0,0,4
BRDA:8,0,1,40
BRDA:14,1,0,2
BRDA:14,1,1,16
BRDA:20,2,0,0
BRDA:20,2,1,16
BRDA:26,3,0,0
BRDA:26,3,1,16
BRDA:32,4,0,0
BRDA:32,4,1,12
BRDA:38,5,0,0
BRDA:38,5,1,10
BRF:12
BRH:8
end_of_record
TN:
SF:utils/errors.js
FN:57,(anonymous_0)
FN:72,(anonymous_1)
FN:85,(anonymous_2)
FN:98,(anonymous_3)
FN:111,(anonymous_4)
FN:124,(anonymous_5)
FN:137,(anonymous_6)
FN:150,(anonymous_7)
FN:163,(anonymous_8)
FN:176,(anonymous_9)
FN:189,(anonymous_10)
FN:202,(anonymous_11)
FN:215,(anonymous_12)
FN:228,(anonymous_13)
FN:241,(anonymous_14)
FN:254,(anonymous_15)
FN:267,(anonymous_16)
FN:280,(anonymous_17)
FN:293,(anonymous_18)
FN:306,(anonymous_19)
FN:319,(anonymous_20)
FN:332,(anonymous_21)
FNF:22
FNH:22
FNDA:14,(anonymous_0)
FNDA:14,(anonymous_1)
FNDA:14,(anonymous_2)
FNDA:14,(anonymous_3)
FNDA:14,(anonymous_4)
FNDA:14,(anonymous_5)
FNDA:14,(anonymous_6)
FNDA:14,(anonymous_7)
FNDA:14,(anonymous_8)
FNDA:14,(anonymous_9)
FNDA:14,(anonymous_10)
FNDA:14,(anonymous_11)
FNDA:14,(anonymous_12)
FNDA:14,(anonymous_13)
FNDA:14,(anonymous_14)
FNDA:14,(anonymous_15)
FNDA:14,(anonymous_16)
FNDA:14,(anonymous_17)
FNDA:14,(anonymous_18)
FNDA:14,(anonymous_19)
FNDA:14,(anonymous_20)
FNDA:14,(anonymous_21)
DA:2,14
DA:27,14
DA:63,14
DA:65,14
DA:66,14
DA:67,14
DA:77,14
DA:78,14
DA:79,14
DA:80,14
DA:90,14
DA:91,14
DA:92,14
DA:93,14
DA:103,14
DA:104,14
DA:105,14
DA:106,14
DA:116,14
DA:117,14
DA:118,14
DA:119,14
DA:129,14
DA:130,14
DA:131,14
DA:132,14
DA:142,14
DA:143,14
DA:144,14
DA:145,14
DA:155,14
DA:156,14
DA:157,14
DA:158,14
DA:168,14
DA:169,14
DA:170,14
DA:171,14
DA:181,14
DA:182,14
DA:183,14
DA:184,14
DA:194,14
DA:195,14
DA:196,14
DA:197,14
DA:207,14
DA:208,14
DA:209,14
DA:210,14
DA:220,14
DA:221,14
DA:222,14
DA:223,14
DA:233,14
DA:234,14
DA:235,14
DA:236,14
DA:246,14
DA:247,14
DA:248,14
DA:249,14
DA:259,14
DA:260,14
DA:261,14
DA:262,14
DA:272,14
DA:273,14
DA:274,14
DA:275,14
DA:285,14
DA:286,14
DA:287,14
DA:288,14
DA:298,14
DA:299,14
DA:300,14
DA:301,14
DA:311,14
DA:312,14
DA:313,14
DA:314,14
DA:324,14
DA:325,14
DA:326,14
DA:327,14
DA:337,14
DA:338,14
DA:339,14
DA:340,14
DA:344,14
LF:91
LH:91
BRDA:58,0,0,14
BRDA:59,1,0,14
BRDA:73,2,0,14
BRDA:74,3,0,14
BRDA:86,4,0,14
BRDA:87,5,0,14
BRDA:99,6,0,14
BRDA:100,7,0,14
BRDA:112,8,0,14
BRDA:113,9,0,14
BRDA:125,10,0,14
BRDA:126,11,0,14
BRDA:138,12,0,14
BRDA:139,13,0,14
BRDA:151,14,0,14
BRDA:152,15,0,14
BRDA:164,16,0,14
BRDA:165,17,0,14
BRDA:177,18,0,14
BRDA:178,19,0,14
BRDA:190,20,0,14
BRDA:191,21,0,14
BRDA:203,22,0,14
BRDA:204,23,0,14
BRDA:216,24,0,14
BRDA:217,25,0,14
BRDA:229,26,0,14
BRDA:230,27,0,14
BRDA:242,28,0,14
BRDA:243,29,0,14
BRDA:255,30,0,14
BRDA:256,31,0,14
BRDA:268,32,0,14
BRDA:269,33,0,14
BRDA:281,34,0,14
BRDA:282,35,0,14
BRDA:294,36,0,14
BRDA:295,37,0,14
BRDA:307,38,0,14
BRDA:308,39,0,14
BRDA:320,40,0,14
BRDA:321,41,0,14
BRDA:333,42,0,14
BRDA:334,43,0,14
BRF:44
BRH:44
end_of_record
TN:
SF:utils/helpers.js
FN:4,(anonymous_0)
FN:22,(anonymous_1)
FN:24,(anonymous_2)
FNF:3
FNH:3
FNDA:65,(anonymous_0)
FNDA:162,(anonymous_1)
FNDA:102,(anonymous_2)
DA:4,14
DA:6,65
DA:8,49
DA:9,16
DA:11,7
DA:12,9
DA:14,7
DA:15,2
DA:17,2
DA:19,65
DA:22,14
DA:23,162
DA:24,162
DA:25,102
DA:26,80
LF:15
LH:15
BRDA:6,0,0,49
BRDA:6,0,1,16
BRDA:9,1,0,7
BRDA:9,1,1,9
BRDA:12,2,0,7
BRDA:12,2,1,2
BRDA:15,3,0,2
BRDA:15,3,1,0
BRDA:22,4,0,22
BRDA:25,5,0,22
BRDA:25,5,1,80
BRF:11
BRH:10
end_of_record
